[2024-07-19T14:30:58.924+0000] {local_task_job_runner.py:120} INFO - ::group::Pre task execution logs
[2024-07-19T14:30:58.958+0000] {taskinstance.py:2076} INFO - Dependencies all met for dep_context=non-requeueable deps ti=<TaskInstance: csv_to_pgsql.extract_and_load_process manual__2024-07-19T14:25:37.517999+00:00 [queued]>
[2024-07-19T14:30:58.968+0000] {taskinstance.py:2076} INFO - Dependencies all met for dep_context=requeueable deps ti=<TaskInstance: csv_to_pgsql.extract_and_load_process manual__2024-07-19T14:25:37.517999+00:00 [queued]>
[2024-07-19T14:30:58.969+0000] {taskinstance.py:2306} INFO - Starting attempt 2 of 2
[2024-07-19T14:30:58.983+0000] {taskinstance.py:2330} INFO - Executing <Task(PythonOperator): extract_and_load_process> on 2024-07-19 14:25:37.517999+00:00
[2024-07-19T14:30:58.992+0000] {standard_task_runner.py:90} INFO - Running: ['***', 'tasks', 'run', 'csv_to_pgsql', 'extract_and_load_process', 'manual__2024-07-19T14:25:37.517999+00:00', '--job-id', '568', '--raw', '--subdir', 'DAGS_FOLDER/from_csv_to_pgsql.py', '--cfg-path', '/tmp/tmpx7_pkq2h']
[2024-07-19T14:30:58.995+0000] {standard_task_runner.py:91} INFO - Job 568: Subtask extract_and_load_process
[2024-07-19T14:30:59.012+0000] {logging_mixin.py:188} WARNING - /home/***/.local/lib/python3.12/site-packages/***/task/task_runner/standard_task_runner.py:61 DeprecationWarning: This process (pid=5521) is multi-threaded, use of fork() may lead to deadlocks in the child.
[2024-07-19T14:30:59.013+0000] {standard_task_runner.py:63} INFO - Started process 5524 to run task
[2024-07-19T14:30:59.048+0000] {task_command.py:426} INFO - Running <TaskInstance: csv_to_pgsql.extract_and_load_process manual__2024-07-19T14:25:37.517999+00:00 [running]> on host 7c7e02e57379
[2024-07-19T14:30:59.156+0000] {taskinstance.py:2648} INFO - Exporting env vars: AIRFLOW_CTX_DAG_OWNER='***' AIRFLOW_CTX_DAG_ID='csv_to_pgsql' AIRFLOW_CTX_TASK_ID='extract_and_load_process' AIRFLOW_CTX_EXECUTION_DATE='2024-07-19T14:25:37.517999+00:00' AIRFLOW_CTX_TRY_NUMBER='2' AIRFLOW_CTX_DAG_RUN_ID='manual__2024-07-19T14:25:37.517999+00:00'
[2024-07-19T14:30:59.157+0000] {taskinstance.py:430} INFO - ::endgroup::
[2024-07-19T14:31:05.460+0000] {base.py:84} INFO - Using connection ID 'postgres_default' for task execution.
[2024-07-19T14:31:09.779+0000] {base.py:84} INFO - Using connection ID 'postgres_default' for task execution.
[2024-07-19T14:31:11.700+0000] {base.py:84} INFO - Using connection ID 'postgres_default' for task execution.
[2024-07-19T14:31:13.076+0000] {base.py:84} INFO - Using connection ID 'postgres_default' for task execution.
[2024-07-19T14:31:13.614+0000] {base.py:84} INFO - Using connection ID 'postgres_default' for task execution.
[2024-07-19T14:31:14.331+0000] {base.py:84} INFO - Using connection ID 'postgres_default' for task execution.
[2024-07-19T14:31:15.265+0000] {python.py:237} INFO - Done. Returned value was: None
[2024-07-19T14:31:15.266+0000] {taskinstance.py:441} INFO - ::group::Post task execution logs
[2024-07-19T14:31:15.277+0000] {taskinstance.py:1206} INFO - Marking task as SUCCESS. dag_id=csv_to_pgsql, task_id=extract_and_load_process, run_id=manual__2024-07-19T14:25:37.517999+00:00, execution_date=20240719T142537, start_date=20240719T143058, end_date=20240719T143115
[2024-07-19T14:31:15.295+0000] {local_task_job_runner.py:240} INFO - Task exited with return code 0
[2024-07-19T14:31:15.318+0000] {taskinstance.py:3503} INFO - 1 downstream tasks scheduled from follow-on schedule check
[2024-07-19T14:31:15.321+0000] {local_task_job_runner.py:222} INFO - ::endgroup::
