[2024-07-19T16:33:40.479+0000] {local_task_job_runner.py:120} INFO - ::group::Pre task execution logs
[2024-07-19T16:33:40.563+0000] {taskinstance.py:2076} INFO - Dependencies all met for dep_context=non-requeueable deps ti=<TaskInstance: run_fill_f_101_round_f.extract_and_load_process manual__2024-07-19T16:33:28.672166+00:00 [queued]>
[2024-07-19T16:33:40.583+0000] {taskinstance.py:2076} INFO - Dependencies all met for dep_context=requeueable deps ti=<TaskInstance: run_fill_f_101_round_f.extract_and_load_process manual__2024-07-19T16:33:28.672166+00:00 [queued]>
[2024-07-19T16:33:40.585+0000] {taskinstance.py:2306} INFO - Starting attempt 1 of 2
[2024-07-19T16:33:40.617+0000] {taskinstance.py:2330} INFO - Executing <Task(PythonOperator): extract_and_load_process> on 2024-07-19 16:33:28.672166+00:00
[2024-07-19T16:33:40.641+0000] {standard_task_runner.py:90} INFO - Running: ['***', 'tasks', 'run', 'run_fill_f_101_round_f', 'extract_and_load_process', 'manual__2024-07-19T16:33:28.672166+00:00', '--job-id', '594', '--raw', '--subdir', 'DAGS_FOLDER/сreate_and_fill_f101_round_f.py', '--cfg-path', '/tmp/tmpfkt5_dos']
[2024-07-19T16:33:40.647+0000] {standard_task_runner.py:91} INFO - Job 594: Subtask extract_and_load_process
[2024-07-19T16:33:40.676+0000] {logging_mixin.py:188} WARNING - /home/***/.local/lib/python3.12/site-packages/***/task/task_runner/standard_task_runner.py:61 DeprecationWarning: This process (pid=11091) is multi-threaded, use of fork() may lead to deadlocks in the child.
[2024-07-19T16:33:40.680+0000] {standard_task_runner.py:63} INFO - Started process 11192 to run task
[2024-07-19T16:33:40.840+0000] {task_command.py:426} INFO - Running <TaskInstance: run_fill_f_101_round_f.extract_and_load_process manual__2024-07-19T16:33:28.672166+00:00 [running]> on host 7c7e02e57379
[2024-07-19T16:33:41.302+0000] {taskinstance.py:2648} INFO - Exporting env vars: AIRFLOW_CTX_DAG_OWNER='***' AIRFLOW_CTX_DAG_ID='run_fill_f_101_round_f' AIRFLOW_CTX_TASK_ID='extract_and_load_process' AIRFLOW_CTX_EXECUTION_DATE='2024-07-19T16:33:28.672166+00:00' AIRFLOW_CTX_TRY_NUMBER='1' AIRFLOW_CTX_DAG_RUN_ID='manual__2024-07-19T16:33:28.672166+00:00'
[2024-07-19T16:33:41.306+0000] {taskinstance.py:430} INFO - ::endgroup::
[2024-07-19T16:34:00.293+0000] {base.py:84} INFO - Using connection ID 'postgres_default' for task execution.
[2024-07-19T16:34:10.645+0000] {base.py:84} INFO - Using connection ID 'postgres_default' for task execution.
[2024-07-19T16:34:14.726+0000] {base.py:84} INFO - Using connection ID 'postgres_default' for task execution.
[2024-07-19T16:34:17.138+0000] {base.py:84} INFO - Using connection ID 'postgres_default' for task execution.
[2024-07-19T16:34:17.679+0000] {base.py:84} INFO - Using connection ID 'postgres_default' for task execution.
[2024-07-19T16:34:19.343+0000] {base.py:84} INFO - Using connection ID 'postgres_default' for task execution.
[2024-07-19T16:34:20.225+0000] {python.py:237} INFO - Done. Returned value was: None
[2024-07-19T16:34:20.250+0000] {taskinstance.py:441} INFO - ::group::Post task execution logs
[2024-07-19T16:34:20.361+0000] {taskinstance.py:1206} INFO - Marking task as SUCCESS. dag_id=run_fill_f_101_round_f, task_id=extract_and_load_process, run_id=manual__2024-07-19T16:33:28.672166+00:00, execution_date=20240719T163328, start_date=20240719T163340, end_date=20240719T163420
[2024-07-19T16:34:20.479+0000] {local_task_job_runner.py:240} INFO - Task exited with return code 0
[2024-07-19T16:34:20.547+0000] {local_task_job_runner.py:222} INFO - ::endgroup::
