[2024-07-18T16:07:04.654+0000] {local_task_job_runner.py:120} INFO - ::group::Pre task execution logs
[2024-07-18T16:07:04.679+0000] {taskinstance.py:2076} INFO - Dependencies all met for dep_context=non-requeueable deps ti=<TaskInstance: run_fill_procedure.fill_31_12_2017 manual__2024-07-18T16:06:46.389079+00:00 [queued]>
[2024-07-18T16:07:04.686+0000] {taskinstance.py:2076} INFO - Dependencies all met for dep_context=requeueable deps ti=<TaskInstance: run_fill_procedure.fill_31_12_2017 manual__2024-07-18T16:06:46.389079+00:00 [queued]>
[2024-07-18T16:07:04.687+0000] {taskinstance.py:2306} INFO - Starting attempt 1 of 2
[2024-07-18T16:07:04.697+0000] {taskinstance.py:2330} INFO - Executing <Task(PostgresOperator): fill_31_12_2017> on 2024-07-18 16:06:46.389079+00:00
[2024-07-18T16:07:04.704+0000] {standard_task_runner.py:90} INFO - Running: ['***', 'tasks', 'run', 'run_fill_procedure', 'fill_31_12_2017', 'manual__2024-07-18T16:06:46.389079+00:00', '--job-id', '457', '--raw', '--subdir', 'DAGS_FOLDER/create_and_fill_proc.py', '--cfg-path', '/tmp/tmpmv0yuxhp']
[2024-07-18T16:07:04.706+0000] {standard_task_runner.py:91} INFO - Job 457: Subtask fill_31_12_2017
[2024-07-18T16:07:04.708+0000] {logging_mixin.py:188} WARNING - /home/***/.local/lib/python3.12/site-packages/***/task/task_runner/standard_task_runner.py:61 DeprecationWarning: This process (pid=7194) is multi-threaded, use of fork() may lead to deadlocks in the child.
[2024-07-18T16:07:04.709+0000] {standard_task_runner.py:63} INFO - Started process 7195 to run task
[2024-07-18T16:07:04.745+0000] {task_command.py:426} INFO - Running <TaskInstance: run_fill_procedure.fill_31_12_2017 manual__2024-07-18T16:06:46.389079+00:00 [running]> on host 7c7e02e57379
[2024-07-18T16:07:04.808+0000] {taskinstance.py:2648} INFO - Exporting env vars: AIRFLOW_CTX_DAG_OWNER='***' AIRFLOW_CTX_DAG_ID='run_fill_procedure' AIRFLOW_CTX_TASK_ID='fill_31_12_2017' AIRFLOW_CTX_EXECUTION_DATE='2024-07-18T16:06:46.389079+00:00' AIRFLOW_CTX_TRY_NUMBER='1' AIRFLOW_CTX_DAG_RUN_ID='manual__2024-07-18T16:06:46.389079+00:00'
[2024-07-18T16:07:04.810+0000] {taskinstance.py:430} INFO - ::endgroup::
[2024-07-18T16:07:04.819+0000] {sql.py:276} INFO - Executing: 
    insert into dm.dm_account_balance_f (on_date, account_rk, balance_out, balance_out_rub)
    select 
        '2017-12-31' as on_date,
        account_rk,
        balance_out,
        balance_out * coalesce(er.reduced_cource, 1) as balance_out_rub
    from ds.ft_balance_f bf
    left join ds.md_exchange_rate_d er on er.currency_rk = bf.currency_rk and er.data_actual_date = '2017-12-31';
    
[2024-07-18T16:07:04.827+0000] {base.py:84} INFO - Using connection ID 'postgres_default' for task execution.
[2024-07-18T16:07:04.836+0000] {base.py:84} INFO - Using connection ID 'postgres_default' for task execution.
[2024-07-18T16:07:04.840+0000] {sql.py:487} INFO - Running statement: 
    insert into dm.dm_account_balance_f (on_date, account_rk, balance_out, balance_out_rub)
    select 
        '2017-12-31' as on_date,
        account_rk,
        balance_out,
        balance_out * coalesce(er.reduced_cource, 1) as balance_out_rub
    from ds.ft_balance_f bf
    left join ds.md_exchange_rate_d er on er.currency_rk = bf.currency_rk and er.data_actual_date = '2017-12-31';
    , parameters: None
[2024-07-18T16:07:04.842+0000] {sql.py:496} INFO - Rows affected: 114
[2024-07-18T16:07:04.844+0000] {taskinstance.py:441} INFO - ::group::Post task execution logs
[2024-07-18T16:07:04.852+0000] {taskinstance.py:1206} INFO - Marking task as SUCCESS. dag_id=run_fill_procedure, task_id=fill_31_12_2017, run_id=manual__2024-07-18T16:06:46.389079+00:00, execution_date=20240718T160646, start_date=20240718T160704, end_date=20240718T160704
[2024-07-18T16:07:04.897+0000] {local_task_job_runner.py:240} INFO - Task exited with return code 0
[2024-07-18T16:07:04.906+0000] {logging_mixin.py:188} WARNING - /home/***/.local/lib/python3.12/site-packages/***/models/baseoperator.py:1297 AirflowProviderDeprecationWarning: Call to deprecated class PostgresOperator. (Please use `***.providers.common.sql.operators.sql.SQLExecuteQueryOperator`.Also, you can provide `hook_params={'schema': <database>}`.)
[2024-07-18T16:07:04.919+0000] {taskinstance.py:3503} INFO - 1 downstream tasks scheduled from follow-on schedule check
[2024-07-18T16:07:04.921+0000] {local_task_job_runner.py:222} INFO - ::endgroup::
