[2024-07-19T14:50:36.692+0000] {local_task_job_runner.py:120} INFO - ::group::Pre task execution logs
[2024-07-19T14:50:36.723+0000] {taskinstance.py:2076} INFO - Dependencies all met for dep_context=non-requeueable deps ti=<TaskInstance: from_csv_to_pgsql.extract_and_load_process manual__2024-07-19T14:50:26.856709+00:00 [queued]>
[2024-07-19T14:50:36.730+0000] {taskinstance.py:2076} INFO - Dependencies all met for dep_context=requeueable deps ti=<TaskInstance: from_csv_to_pgsql.extract_and_load_process manual__2024-07-19T14:50:26.856709+00:00 [queued]>
[2024-07-19T14:50:36.731+0000] {taskinstance.py:2306} INFO - Starting attempt 1 of 2
[2024-07-19T14:50:36.745+0000] {taskinstance.py:2330} INFO - Executing <Task(PythonOperator): extract_and_load_process> on 2024-07-19 14:50:26.856709+00:00
[2024-07-19T14:50:36.752+0000] {standard_task_runner.py:90} INFO - Running: ['***', 'tasks', 'run', 'from_csv_to_pgsql', 'extract_and_load_process', 'manual__2024-07-19T14:50:26.856709+00:00', '--job-id', '572', '--raw', '--subdir', 'DAGS_FOLDER/from_csv_to_pgsql.py', '--cfg-path', '/tmp/tmpwt8q44tt']
[2024-07-19T14:50:36.756+0000] {standard_task_runner.py:91} INFO - Job 572: Subtask extract_and_load_process
[2024-07-19T14:50:36.760+0000] {logging_mixin.py:188} WARNING - /home/***/.local/lib/python3.12/site-packages/***/task/task_runner/standard_task_runner.py:61 DeprecationWarning: This process (pid=6790) is multi-threaded, use of fork() may lead to deadlocks in the child.
[2024-07-19T14:50:36.761+0000] {standard_task_runner.py:63} INFO - Started process 6791 to run task
[2024-07-19T14:50:36.801+0000] {task_command.py:426} INFO - Running <TaskInstance: from_csv_to_pgsql.extract_and_load_process manual__2024-07-19T14:50:26.856709+00:00 [running]> on host 7c7e02e57379
[2024-07-19T14:50:36.874+0000] {taskinstance.py:2648} INFO - Exporting env vars: AIRFLOW_CTX_DAG_OWNER='***' AIRFLOW_CTX_DAG_ID='from_csv_to_pgsql' AIRFLOW_CTX_TASK_ID='extract_and_load_process' AIRFLOW_CTX_EXECUTION_DATE='2024-07-19T14:50:26.856709+00:00' AIRFLOW_CTX_TRY_NUMBER='1' AIRFLOW_CTX_DAG_RUN_ID='manual__2024-07-19T14:50:26.856709+00:00'
[2024-07-19T14:50:36.875+0000] {taskinstance.py:430} INFO - ::endgroup::
[2024-07-19T14:50:45.738+0000] {base.py:84} INFO - Using connection ID 'postgres_default' for task execution.
[2024-07-19T14:50:49.326+0000] {base.py:84} INFO - Using connection ID 'postgres_default' for task execution.
[2024-07-19T14:50:51.845+0000] {base.py:84} INFO - Using connection ID 'postgres_default' for task execution.
[2024-07-19T14:50:54.213+0000] {base.py:84} INFO - Using connection ID 'postgres_default' for task execution.
[2024-07-19T14:50:55.176+0000] {base.py:84} INFO - Using connection ID 'postgres_default' for task execution.
[2024-07-19T14:50:56.505+0000] {base.py:84} INFO - Using connection ID 'postgres_default' for task execution.
[2024-07-19T14:50:57.337+0000] {python.py:237} INFO - Done. Returned value was: None
[2024-07-19T14:50:57.342+0000] {taskinstance.py:441} INFO - ::group::Post task execution logs
[2024-07-19T14:50:57.359+0000] {taskinstance.py:1206} INFO - Marking task as SUCCESS. dag_id=from_csv_to_pgsql, task_id=extract_and_load_process, run_id=manual__2024-07-19T14:50:26.856709+00:00, execution_date=20240719T145026, start_date=20240719T145036, end_date=20240719T145057
[2024-07-19T14:50:57.390+0000] {local_task_job_runner.py:240} INFO - Task exited with return code 0
[2024-07-19T14:50:57.422+0000] {taskinstance.py:3503} INFO - 1 downstream tasks scheduled from follow-on schedule check
[2024-07-19T14:50:57.425+0000] {local_task_job_runner.py:222} INFO - ::endgroup::
