[2024-07-18T15:51:10.814+0000] {local_task_job_runner.py:120} INFO - ::group::Pre task execution logs
[2024-07-18T15:51:10.839+0000] {taskinstance.py:2076} INFO - Dependencies all met for dep_context=non-requeueable deps ti=<TaskInstance: run_fill_procedure.extract_and_load_process manual__2024-07-18T15:45:53.485330+00:00 [queued]>
[2024-07-18T15:51:10.847+0000] {taskinstance.py:2076} INFO - Dependencies all met for dep_context=requeueable deps ti=<TaskInstance: run_fill_procedure.extract_and_load_process manual__2024-07-18T15:45:53.485330+00:00 [queued]>
[2024-07-18T15:51:10.848+0000] {taskinstance.py:2306} INFO - Starting attempt 2 of 2
[2024-07-18T15:51:10.860+0000] {taskinstance.py:2330} INFO - Executing <Task(PythonOperator): extract_and_load_process> on 2024-07-18 15:45:53.485330+00:00
[2024-07-18T15:51:10.866+0000] {standard_task_runner.py:90} INFO - Running: ['***', 'tasks', 'run', 'run_fill_procedure', 'extract_and_load_process', 'manual__2024-07-18T15:45:53.485330+00:00', '--job-id', '439', '--raw', '--subdir', 'DAGS_FOLDER/create_and_fill_proc.py', '--cfg-path', '/tmp/tmpnek1qymm']
[2024-07-18T15:51:10.868+0000] {standard_task_runner.py:91} INFO - Job 439: Subtask extract_and_load_process
[2024-07-18T15:51:10.878+0000] {logging_mixin.py:188} WARNING - /home/***/.local/lib/python3.12/site-packages/***/task/task_runner/standard_task_runner.py:61 DeprecationWarning: This process (pid=5580) is multi-threaded, use of fork() may lead to deadlocks in the child.
[2024-07-18T15:51:10.879+0000] {standard_task_runner.py:63} INFO - Started process 5581 to run task
[2024-07-18T15:51:10.910+0000] {task_command.py:426} INFO - Running <TaskInstance: run_fill_procedure.extract_and_load_process manual__2024-07-18T15:45:53.485330+00:00 [running]> on host 7c7e02e57379
[2024-07-18T15:51:10.972+0000] {taskinstance.py:2648} INFO - Exporting env vars: AIRFLOW_CTX_DAG_OWNER='***' AIRFLOW_CTX_DAG_ID='run_fill_procedure' AIRFLOW_CTX_TASK_ID='extract_and_load_process' AIRFLOW_CTX_EXECUTION_DATE='2024-07-18T15:45:53.485330+00:00' AIRFLOW_CTX_TRY_NUMBER='2' AIRFLOW_CTX_DAG_RUN_ID='manual__2024-07-18T15:45:53.485330+00:00'
[2024-07-18T15:51:10.973+0000] {taskinstance.py:430} INFO - ::endgroup::
[2024-07-18T15:51:14.669+0000] {base.py:84} INFO - Using connection ID 'postgres_default' for task execution.
[2024-07-18T15:51:16.218+0000] {base.py:84} INFO - Using connection ID 'postgres_default' for task execution.
[2024-07-18T15:51:17.318+0000] {base.py:84} INFO - Using connection ID 'postgres_default' for task execution.
[2024-07-18T15:51:18.411+0000] {base.py:84} INFO - Using connection ID 'postgres_default' for task execution.
[2024-07-18T15:51:18.734+0000] {base.py:84} INFO - Using connection ID 'postgres_default' for task execution.
[2024-07-18T15:51:19.836+0000] {base.py:84} INFO - Using connection ID 'postgres_default' for task execution.
[2024-07-18T15:51:20.449+0000] {python.py:237} INFO - Done. Returned value was: None
[2024-07-18T15:51:20.450+0000] {taskinstance.py:441} INFO - ::group::Post task execution logs
[2024-07-18T15:51:20.460+0000] {taskinstance.py:1206} INFO - Marking task as SUCCESS. dag_id=run_fill_procedure, task_id=extract_and_load_process, run_id=manual__2024-07-18T15:45:53.485330+00:00, execution_date=20240718T154553, start_date=20240718T155110, end_date=20240718T155120
[2024-07-18T15:51:20.493+0000] {local_task_job_runner.py:240} INFO - Task exited with return code 0
[2024-07-18T15:51:20.503+0000] {logging_mixin.py:188} WARNING - /home/***/.local/lib/python3.12/site-packages/***/models/baseoperator.py:1297 AirflowProviderDeprecationWarning: Call to deprecated class PostgresOperator. (Please use `***.providers.common.sql.operators.sql.SQLExecuteQueryOperator`.Also, you can provide `hook_params={'schema': <database>}`.)
[2024-07-18T15:51:20.518+0000] {taskinstance.py:3503} INFO - 1 downstream tasks scheduled from follow-on schedule check
[2024-07-18T15:51:20.522+0000] {local_task_job_runner.py:222} INFO - ::endgroup::
