[2024-07-19T20:01:38.002+0000] {local_task_job_runner.py:120} INFO - ::group::Pre task execution logs
[2024-07-19T20:01:38.028+0000] {taskinstance.py:2076} INFO - Dependencies all met for dep_context=non-requeueable deps ti=<TaskInstance: run_fill_f_101_round_f.fill_f101 manual__2024-07-19T20:01:14.424750+00:00 [queued]>
[2024-07-19T20:01:38.036+0000] {taskinstance.py:2076} INFO - Dependencies all met for dep_context=requeueable deps ti=<TaskInstance: run_fill_f_101_round_f.fill_f101 manual__2024-07-19T20:01:14.424750+00:00 [queued]>
[2024-07-19T20:01:38.037+0000] {taskinstance.py:2306} INFO - Starting attempt 1 of 2
[2024-07-19T20:01:38.051+0000] {taskinstance.py:2330} INFO - Executing <Task(PythonOperator): fill_f101> on 2024-07-19 20:01:14.424750+00:00
[2024-07-19T20:01:38.057+0000] {standard_task_runner.py:90} INFO - Running: ['***', 'tasks', 'run', 'run_fill_f_101_round_f', 'fill_f101', 'manual__2024-07-19T20:01:14.424750+00:00', '--job-id', '647', '--raw', '--subdir', 'DAGS_FOLDER/сreate_and_fill_f101_round_f.py', '--cfg-path', '/tmp/tmposot6w1v']
[2024-07-19T20:01:38.060+0000] {standard_task_runner.py:91} INFO - Job 647: Subtask fill_f101
[2024-07-19T20:01:38.088+0000] {logging_mixin.py:188} WARNING - /home/***/.local/lib/python3.12/site-packages/***/task/task_runner/standard_task_runner.py:61 DeprecationWarning: This process (pid=20984) is multi-threaded, use of fork() may lead to deadlocks in the child.
[2024-07-19T20:01:38.089+0000] {standard_task_runner.py:63} INFO - Started process 20985 to run task
[2024-07-19T20:01:38.111+0000] {task_command.py:426} INFO - Running <TaskInstance: run_fill_f_101_round_f.fill_f101 manual__2024-07-19T20:01:14.424750+00:00 [running]> on host 7c7e02e57379
[2024-07-19T20:01:38.194+0000] {taskinstance.py:2648} INFO - Exporting env vars: AIRFLOW_CTX_DAG_OWNER='***' AIRFLOW_CTX_DAG_ID='run_fill_f_101_round_f' AIRFLOW_CTX_TASK_ID='fill_f101' AIRFLOW_CTX_EXECUTION_DATE='2024-07-19T20:01:14.424750+00:00' AIRFLOW_CTX_TRY_NUMBER='1' AIRFLOW_CTX_DAG_RUN_ID='manual__2024-07-19T20:01:14.424750+00:00'
[2024-07-19T20:01:38.196+0000] {taskinstance.py:430} INFO - ::endgroup::
[2024-07-19T20:01:38.216+0000] {base.py:84} INFO - Using connection ID 'postgres_default' for task execution.
[2024-07-19T20:01:38.228+0000] {base.py:84} INFO - Using connection ID 'postgres_default' for task execution.
[2024-07-19T20:01:38.241+0000] {base.py:84} INFO - Using connection ID 'postgres_default' for task execution.
[2024-07-19T20:01:38.268+0000] {python.py:237} INFO - Done. Returned value was: None
[2024-07-19T20:01:38.269+0000] {taskinstance.py:441} INFO - ::group::Post task execution logs
[2024-07-19T20:01:38.277+0000] {taskinstance.py:1206} INFO - Marking task as SUCCESS. dag_id=run_fill_f_101_round_f, task_id=fill_f101, run_id=manual__2024-07-19T20:01:14.424750+00:00, execution_date=20240719T200114, start_date=20240719T200138, end_date=20240719T200138
[2024-07-19T20:01:38.304+0000] {local_task_job_runner.py:240} INFO - Task exited with return code 0
[2024-07-19T20:01:38.322+0000] {taskinstance.py:3503} INFO - 1 downstream tasks scheduled from follow-on schedule check
[2024-07-19T20:01:38.325+0000] {local_task_job_runner.py:222} INFO - ::endgroup::
