[2024-07-19T14:30:09.105+0000] {local_task_job_runner.py:120} INFO - ::group::Pre task execution logs
[2024-07-19T14:30:09.131+0000] {taskinstance.py:2076} INFO - Dependencies all met for dep_context=non-requeueable deps ti=<TaskInstance: csv_to_pgsql.extract_and_load_process manual__2024-07-19T14:24:34.748154+00:00 [queued]>
[2024-07-19T14:30:09.140+0000] {taskinstance.py:2076} INFO - Dependencies all met for dep_context=requeueable deps ti=<TaskInstance: csv_to_pgsql.extract_and_load_process manual__2024-07-19T14:24:34.748154+00:00 [queued]>
[2024-07-19T14:30:09.141+0000] {taskinstance.py:2306} INFO - Starting attempt 2 of 2
[2024-07-19T14:30:09.153+0000] {taskinstance.py:2330} INFO - Executing <Task(PythonOperator): extract_and_load_process> on 2024-07-19 14:24:34.748154+00:00
[2024-07-19T14:30:09.160+0000] {standard_task_runner.py:90} INFO - Running: ['***', 'tasks', 'run', 'csv_to_pgsql', 'extract_and_load_process', 'manual__2024-07-19T14:24:34.748154+00:00', '--job-id', '564', '--raw', '--subdir', 'DAGS_FOLDER/from_csv_to_pgsql.py', '--cfg-path', '/tmp/tmp7jpc2mll']
[2024-07-19T14:30:09.162+0000] {standard_task_runner.py:91} INFO - Job 564: Subtask extract_and_load_process
[2024-07-19T14:30:09.181+0000] {logging_mixin.py:188} WARNING - /home/***/.local/lib/python3.12/site-packages/***/task/task_runner/standard_task_runner.py:61 DeprecationWarning: This process (pid=5071) is multi-threaded, use of fork() may lead to deadlocks in the child.
[2024-07-19T14:30:09.183+0000] {standard_task_runner.py:63} INFO - Started process 5074 to run task
[2024-07-19T14:30:09.213+0000] {task_command.py:426} INFO - Running <TaskInstance: csv_to_pgsql.extract_and_load_process manual__2024-07-19T14:24:34.748154+00:00 [running]> on host 7c7e02e57379
[2024-07-19T14:30:09.307+0000] {taskinstance.py:2648} INFO - Exporting env vars: AIRFLOW_CTX_DAG_OWNER='***' AIRFLOW_CTX_DAG_ID='csv_to_pgsql' AIRFLOW_CTX_TASK_ID='extract_and_load_process' AIRFLOW_CTX_EXECUTION_DATE='2024-07-19T14:24:34.748154+00:00' AIRFLOW_CTX_TRY_NUMBER='2' AIRFLOW_CTX_DAG_RUN_ID='manual__2024-07-19T14:24:34.748154+00:00'
[2024-07-19T14:30:09.308+0000] {taskinstance.py:430} INFO - ::endgroup::
[2024-07-19T14:30:14.188+0000] {base.py:84} INFO - Using connection ID 'postgres_default' for task execution.
[2024-07-19T14:30:17.536+0000] {base.py:84} INFO - Using connection ID 'postgres_default' for task execution.
[2024-07-19T14:30:19.404+0000] {base.py:84} INFO - Using connection ID 'postgres_default' for task execution.
[2024-07-19T14:30:20.970+0000] {base.py:84} INFO - Using connection ID 'postgres_default' for task execution.
[2024-07-19T14:30:21.574+0000] {base.py:84} INFO - Using connection ID 'postgres_default' for task execution.
[2024-07-19T14:30:22.334+0000] {base.py:84} INFO - Using connection ID 'postgres_default' for task execution.
[2024-07-19T14:30:23.311+0000] {python.py:237} INFO - Done. Returned value was: None
[2024-07-19T14:30:23.312+0000] {taskinstance.py:441} INFO - ::group::Post task execution logs
[2024-07-19T14:30:23.324+0000] {taskinstance.py:1206} INFO - Marking task as SUCCESS. dag_id=csv_to_pgsql, task_id=extract_and_load_process, run_id=manual__2024-07-19T14:24:34.748154+00:00, execution_date=20240719T142434, start_date=20240719T143009, end_date=20240719T143023
[2024-07-19T14:30:23.360+0000] {local_task_job_runner.py:240} INFO - Task exited with return code 0
[2024-07-19T14:30:23.381+0000] {taskinstance.py:3503} INFO - 1 downstream tasks scheduled from follow-on schedule check
[2024-07-19T14:30:23.385+0000] {local_task_job_runner.py:222} INFO - ::endgroup::
