[2024-07-19T16:01:20.955+0000] {local_task_job_runner.py:120} INFO - ::group::Pre task execution logs
[2024-07-19T16:01:20.983+0000] {taskinstance.py:2076} INFO - Dependencies all met for dep_context=non-requeueable deps ti=<TaskInstance: run_fill_procedure.fill_31_12_2017 manual__2024-07-19T16:00:55.489589+00:00 [queued]>
[2024-07-19T16:01:20.992+0000] {taskinstance.py:2076} INFO - Dependencies all met for dep_context=requeueable deps ti=<TaskInstance: run_fill_procedure.fill_31_12_2017 manual__2024-07-19T16:00:55.489589+00:00 [queued]>
[2024-07-19T16:01:20.992+0000] {taskinstance.py:2306} INFO - Starting attempt 1 of 2
[2024-07-19T16:01:21.006+0000] {taskinstance.py:2330} INFO - Executing <Task(PostgresOperator): fill_31_12_2017> on 2024-07-19 16:00:55.489589+00:00
[2024-07-19T16:01:21.015+0000] {standard_task_runner.py:90} INFO - Running: ['***', 'tasks', 'run', 'run_fill_procedure', 'fill_31_12_2017', 'manual__2024-07-19T16:00:55.489589+00:00', '--job-id', '586', '--raw', '--subdir', 'DAGS_FOLDER/create_and_fill_proc.py', '--cfg-path', '/tmp/tmpt5kyzhhl']
[2024-07-19T16:01:21.018+0000] {standard_task_runner.py:91} INFO - Job 586: Subtask fill_31_12_2017
[2024-07-19T16:01:21.025+0000] {logging_mixin.py:188} WARNING - /home/***/.local/lib/python3.12/site-packages/***/task/task_runner/standard_task_runner.py:61 DeprecationWarning: This process (pid=9466) is multi-threaded, use of fork() may lead to deadlocks in the child.
[2024-07-19T16:01:21.025+0000] {standard_task_runner.py:63} INFO - Started process 9467 to run task
[2024-07-19T16:01:21.061+0000] {task_command.py:426} INFO - Running <TaskInstance: run_fill_procedure.fill_31_12_2017 manual__2024-07-19T16:00:55.489589+00:00 [running]> on host 7c7e02e57379
[2024-07-19T16:01:21.150+0000] {taskinstance.py:2648} INFO - Exporting env vars: AIRFLOW_CTX_DAG_OWNER='***' AIRFLOW_CTX_DAG_ID='run_fill_procedure' AIRFLOW_CTX_TASK_ID='fill_31_12_2017' AIRFLOW_CTX_EXECUTION_DATE='2024-07-19T16:00:55.489589+00:00' AIRFLOW_CTX_TRY_NUMBER='1' AIRFLOW_CTX_DAG_RUN_ID='manual__2024-07-19T16:00:55.489589+00:00'
[2024-07-19T16:01:21.152+0000] {taskinstance.py:430} INFO - ::endgroup::
[2024-07-19T16:01:21.163+0000] {sql.py:276} INFO - Executing: 
    truncate table dm.dm_account_balance_f;
    insert into dm.dm_account_balance_f (on_date, account_rk, balance_out, balance_out_rub)
    select 
        '2017-12-31' as on_date,
        account_rk,
        balance_out,
        balance_out * coalesce(er.reduced_cource, 1) as balance_out_rub
    from ds.ft_balance_f bf
    left join ds.md_exchange_rate_d er on er.currency_rk = bf.currency_rk and er.data_actual_date = '2017-12-31';
    
[2024-07-19T16:01:21.173+0000] {base.py:84} INFO - Using connection ID 'postgres_default' for task execution.
[2024-07-19T16:01:21.186+0000] {base.py:84} INFO - Using connection ID 'postgres_default' for task execution.
[2024-07-19T16:01:21.190+0000] {sql.py:487} INFO - Running statement: 
    truncate table dm.dm_account_balance_f;
    insert into dm.dm_account_balance_f (on_date, account_rk, balance_out, balance_out_rub)
    select 
        '2017-12-31' as on_date,
        account_rk,
        balance_out,
        balance_out * coalesce(er.reduced_cource, 1) as balance_out_rub
    from ds.ft_balance_f bf
    left join ds.md_exchange_rate_d er on er.currency_rk = bf.currency_rk and er.data_actual_date = '2017-12-31';
    , parameters: None
[2024-07-19T16:01:21.192+0000] {sql.py:496} INFO - Rows affected: 114
[2024-07-19T16:01:21.195+0000] {taskinstance.py:441} INFO - ::group::Post task execution logs
[2024-07-19T16:01:21.205+0000] {taskinstance.py:1206} INFO - Marking task as SUCCESS. dag_id=run_fill_procedure, task_id=fill_31_12_2017, run_id=manual__2024-07-19T16:00:55.489589+00:00, execution_date=20240719T160055, start_date=20240719T160120, end_date=20240719T160121
[2024-07-19T16:01:21.240+0000] {local_task_job_runner.py:240} INFO - Task exited with return code 0
[2024-07-19T16:01:21.252+0000] {logging_mixin.py:188} WARNING - /home/***/.local/lib/python3.12/site-packages/***/models/baseoperator.py:1297 AirflowProviderDeprecationWarning: Call to deprecated class PostgresOperator. (Please use `***.providers.common.sql.operators.sql.SQLExecuteQueryOperator`.Also, you can provide `hook_params={'schema': <database>}`.)
[2024-07-19T16:01:21.266+0000] {taskinstance.py:3503} INFO - 1 downstream tasks scheduled from follow-on schedule check
[2024-07-19T16:01:21.269+0000] {local_task_job_runner.py:222} INFO - ::endgroup::
