[2024-07-19T13:24:10.362+0000] {local_task_job_runner.py:120} INFO - ::group::Pre task execution logs
[2024-07-19T13:24:10.410+0000] {taskinstance.py:2076} INFO - Dependencies all met for dep_context=non-requeueable deps ti=<TaskInstance: run_fill_f101_procedure.fill_f101 scheduled__2024-07-17T00:00:00+00:00 [queued]>
[2024-07-19T13:24:10.427+0000] {taskinstance.py:2076} INFO - Dependencies all met for dep_context=requeueable deps ti=<TaskInstance: run_fill_f101_procedure.fill_f101 scheduled__2024-07-17T00:00:00+00:00 [queued]>
[2024-07-19T13:24:10.429+0000] {taskinstance.py:2306} INFO - Starting attempt 1 of 2
[2024-07-19T13:24:10.457+0000] {taskinstance.py:2330} INFO - Executing <Task(PythonOperator): fill_f101> on 2024-07-17 00:00:00+00:00
[2024-07-19T13:24:10.474+0000] {logging_mixin.py:188} WARNING - /home/***/.local/lib/python3.12/site-packages/***/task/task_runner/standard_task_runner.py:61 DeprecationWarning: This process (pid=269) is multi-threaded, use of fork() may lead to deadlocks in the child.
[2024-07-19T13:24:10.479+0000] {standard_task_runner.py:63} INFO - Started process 274 to run task
[2024-07-19T13:24:10.477+0000] {standard_task_runner.py:90} INFO - Running: ['***', 'tasks', 'run', 'run_fill_f101_procedure', 'fill_f101', 'scheduled__2024-07-17T00:00:00+00:00', '--job-id', '521', '--raw', '--subdir', 'DAGS_FOLDER/сreate_and_fill_f101_round_f.py', '--cfg-path', '/tmp/tmpwakxwlez']
[2024-07-19T13:24:10.482+0000] {standard_task_runner.py:91} INFO - Job 521: Subtask fill_f101
[2024-07-19T13:24:10.591+0000] {task_command.py:426} INFO - Running <TaskInstance: run_fill_f101_procedure.fill_f101 scheduled__2024-07-17T00:00:00+00:00 [running]> on host 7c7e02e57379
[2024-07-19T13:24:10.720+0000] {taskinstance.py:2648} INFO - Exporting env vars: AIRFLOW_CTX_DAG_OWNER='***' AIRFLOW_CTX_DAG_ID='run_fill_f101_procedure' AIRFLOW_CTX_TASK_ID='fill_f101' AIRFLOW_CTX_EXECUTION_DATE='2024-07-17T00:00:00+00:00' AIRFLOW_CTX_TRY_NUMBER='1' AIRFLOW_CTX_DAG_RUN_ID='scheduled__2024-07-17T00:00:00+00:00'
[2024-07-19T13:24:10.721+0000] {taskinstance.py:430} INFO - ::endgroup::
[2024-07-19T13:24:10.748+0000] {base.py:84} INFO - Using connection ID 'postgres_default' for task execution.
[2024-07-19T13:24:10.757+0000] {taskinstance.py:441} INFO - ::group::Post task execution logs
[2024-07-19T13:24:10.758+0000] {taskinstance.py:2905} ERROR - Task failed with exception
Traceback (most recent call last):
  File "/home/airflow/.local/lib/python3.12/site-packages/airflow/models/taskinstance.py", line 465, in _execute_task
    result = _execute_callable(context=context, **execute_callable_kwargs)
             ^^^^^^^^^^^^^^^^^^^^^^^^^^^^^^^^^^^^^^^^^^^^^^^^^^^^^^^^^^^^^
  File "/home/airflow/.local/lib/python3.12/site-packages/airflow/models/taskinstance.py", line 432, in _execute_callable
    return execute_callable(context=context, **execute_callable_kwargs)
           ^^^^^^^^^^^^^^^^^^^^^^^^^^^^^^^^^^^^^^^^^^^^^^^^^^^^^^^^^^^^
  File "/home/airflow/.local/lib/python3.12/site-packages/airflow/models/baseoperator.py", line 401, in wrapper
    return func(self, *args, **kwargs)
           ^^^^^^^^^^^^^^^^^^^^^^^^^^^
  File "/home/airflow/.local/lib/python3.12/site-packages/airflow/operators/python.py", line 235, in execute
    return_value = self.execute_callable()
                   ^^^^^^^^^^^^^^^^^^^^^^^
  File "/home/airflow/.local/lib/python3.12/site-packages/airflow/operators/python.py", line 252, in execute_callable
    return self.python_callable(*self.op_args, **self.op_kwargs)
           ^^^^^^^^^^^^^^^^^^^^^^^^^^^^^^^^^^^^^^^^^^^^^^^^^^^^^
  File "/opt/airflow/dags/сreate_and_fill_f101_round_f.py", line 102, in fill_f101_round_f
    cursor.execute(sql)
psycopg2.errors.InvalidTransactionTermination: invalid transaction termination
CONTEXT:  PL/pgSQL function dm.fill_f101_round_f(date) line 11 at COMMIT
SQL statement "CALL dm.fill_f101_round_f(d)"
PL/pgSQL function inline_code_block line 5 at CALL

[2024-07-19T13:24:10.778+0000] {taskinstance.py:1206} INFO - Marking task as UP_FOR_RETRY. dag_id=run_fill_f101_procedure, task_id=fill_f101, run_id=scheduled__2024-07-17T00:00:00+00:00, execution_date=20240717T000000, start_date=20240719T132410, end_date=20240719T132410
[2024-07-19T13:24:10.803+0000] {standard_task_runner.py:110} ERROR - Failed to execute job 521 for task fill_f101 (invalid transaction termination
CONTEXT:  PL/pgSQL function dm.fill_f101_round_f(date) line 11 at COMMIT
SQL statement "CALL dm.fill_f101_round_f(d)"
PL/pgSQL function inline_code_block line 5 at CALL
; 274)
[2024-07-19T13:24:10.820+0000] {local_task_job_runner.py:240} INFO - Task exited with return code 1
[2024-07-19T13:24:10.841+0000] {taskinstance.py:3503} INFO - 0 downstream tasks scheduled from follow-on schedule check
[2024-07-19T13:24:10.847+0000] {local_task_job_runner.py:222} INFO - ::endgroup::
