[2024-07-19T15:42:03.055+0000] {local_task_job_runner.py:120} INFO - ::group::Pre task execution logs
[2024-07-19T15:42:03.084+0000] {taskinstance.py:2076} INFO - Dependencies all met for dep_context=non-requeueable deps ti=<TaskInstance: run_fill_procedure.fill_dm_account_balance_f manual__2024-07-19T15:41:34.225226+00:00 [queued]>
[2024-07-19T15:42:03.094+0000] {taskinstance.py:2076} INFO - Dependencies all met for dep_context=requeueable deps ti=<TaskInstance: run_fill_procedure.fill_dm_account_balance_f manual__2024-07-19T15:41:34.225226+00:00 [queued]>
[2024-07-19T15:42:03.095+0000] {taskinstance.py:2306} INFO - Starting attempt 1 of 2
[2024-07-19T15:42:03.111+0000] {taskinstance.py:2330} INFO - Executing <Task(PythonOperator): fill_dm_account_balance_f> on 2024-07-19 15:41:34.225226+00:00
[2024-07-19T15:42:03.119+0000] {standard_task_runner.py:90} INFO - Running: ['***', 'tasks', 'run', 'run_fill_procedure', 'fill_dm_account_balance_f', 'manual__2024-07-19T15:41:34.225226+00:00', '--job-id', '581', '--raw', '--subdir', 'DAGS_FOLDER/create_and_fill_proc.py', '--cfg-path', '/tmp/tmpqhdlu5fh']
[2024-07-19T15:42:03.121+0000] {standard_task_runner.py:91} INFO - Job 581: Subtask fill_dm_account_balance_f
[2024-07-19T15:42:03.146+0000] {logging_mixin.py:188} WARNING - /home/***/.local/lib/python3.12/site-packages/***/task/task_runner/standard_task_runner.py:61 DeprecationWarning: This process (pid=8414) is multi-threaded, use of fork() may lead to deadlocks in the child.
[2024-07-19T15:42:03.147+0000] {standard_task_runner.py:63} INFO - Started process 8415 to run task
[2024-07-19T15:42:03.168+0000] {task_command.py:426} INFO - Running <TaskInstance: run_fill_procedure.fill_dm_account_balance_f manual__2024-07-19T15:41:34.225226+00:00 [running]> on host 7c7e02e57379
[2024-07-19T15:42:03.242+0000] {taskinstance.py:2648} INFO - Exporting env vars: AIRFLOW_CTX_DAG_OWNER='***' AIRFLOW_CTX_DAG_ID='run_fill_procedure' AIRFLOW_CTX_TASK_ID='fill_dm_account_balance_f' AIRFLOW_CTX_EXECUTION_DATE='2024-07-19T15:41:34.225226+00:00' AIRFLOW_CTX_TRY_NUMBER='1' AIRFLOW_CTX_DAG_RUN_ID='manual__2024-07-19T15:41:34.225226+00:00'
[2024-07-19T15:42:03.243+0000] {taskinstance.py:430} INFO - ::endgroup::
[2024-07-19T15:42:03.260+0000] {base.py:84} INFO - Using connection ID 'postgres_default' for task execution.
[2024-07-19T15:42:03.270+0000] {base.py:84} INFO - Using connection ID 'postgres_default' for task execution.
[2024-07-19T15:42:03.281+0000] {base.py:84} INFO - Using connection ID 'postgres_default' for task execution.
[2024-07-19T15:42:03.321+0000] {python.py:237} INFO - Done. Returned value was: None
[2024-07-19T15:42:03.322+0000] {taskinstance.py:441} INFO - ::group::Post task execution logs
[2024-07-19T15:42:03.330+0000] {taskinstance.py:1206} INFO - Marking task as SUCCESS. dag_id=run_fill_procedure, task_id=fill_dm_account_balance_f, run_id=manual__2024-07-19T15:41:34.225226+00:00, execution_date=20240719T154134, start_date=20240719T154203, end_date=20240719T154203
[2024-07-19T15:42:03.364+0000] {local_task_job_runner.py:240} INFO - Task exited with return code 0
[2024-07-19T15:42:03.383+0000] {taskinstance.py:3503} INFO - 1 downstream tasks scheduled from follow-on schedule check
[2024-07-19T15:42:03.385+0000] {local_task_job_runner.py:222} INFO - ::endgroup::
