[2024-07-15T12:26:54.115+0000] {local_task_job_runner.py:120} INFO - ::group::Pre task execution logs
[2024-07-15T12:26:54.142+0000] {taskinstance.py:2076} INFO - Dependencies all met for dep_context=non-requeueable deps ti=<TaskInstance: csv_to_pgsql.end_process manual__2024-07-15T12:26:41.108773+00:00 [queued]>
[2024-07-15T12:26:54.149+0000] {taskinstance.py:2076} INFO - Dependencies all met for dep_context=requeueable deps ti=<TaskInstance: csv_to_pgsql.end_process manual__2024-07-15T12:26:41.108773+00:00 [queued]>
[2024-07-15T12:26:54.149+0000] {taskinstance.py:2306} INFO - Starting attempt 1 of 2
[2024-07-15T12:26:54.160+0000] {taskinstance.py:2330} INFO - Executing <Task(PythonOperator): end_process> on 2024-07-15 12:26:41.108773+00:00
[2024-07-15T12:26:54.166+0000] {standard_task_runner.py:90} INFO - Running: ['***', 'tasks', 'run', 'csv_to_pgsql', 'end_process', 'manual__2024-07-15T12:26:41.108773+00:00', '--job-id', '261', '--raw', '--subdir', 'DAGS_FOLDER/from_csv_to_pgsql.py', '--cfg-path', '/tmp/tmp3ftk3yat']
[2024-07-15T12:26:54.169+0000] {standard_task_runner.py:91} INFO - Job 261: Subtask end_process
[2024-07-15T12:26:54.169+0000] {logging_mixin.py:188} WARNING - /home/***/.local/lib/python3.12/site-packages/***/task/task_runner/standard_task_runner.py:61 DeprecationWarning: This process (pid=606) is multi-threaded, use of fork() may lead to deadlocks in the child.
[2024-07-15T12:26:54.170+0000] {standard_task_runner.py:63} INFO - Started process 607 to run task
[2024-07-15T12:26:54.206+0000] {task_command.py:426} INFO - Running <TaskInstance: csv_to_pgsql.end_process manual__2024-07-15T12:26:41.108773+00:00 [running]> on host 1ee09c187a7a
[2024-07-15T12:26:54.267+0000] {taskinstance.py:2648} INFO - Exporting env vars: AIRFLOW_CTX_DAG_OWNER='***' AIRFLOW_CTX_DAG_ID='csv_to_pgsql' AIRFLOW_CTX_TASK_ID='end_process' AIRFLOW_CTX_EXECUTION_DATE='2024-07-15T12:26:41.108773+00:00' AIRFLOW_CTX_TRY_NUMBER='1' AIRFLOW_CTX_DAG_RUN_ID='manual__2024-07-15T12:26:41.108773+00:00'
[2024-07-15T12:26:54.268+0000] {taskinstance.py:430} INFO - ::endgroup::
[2024-07-15T12:26:54.285+0000] {base.py:84} INFO - Using connection ID 'postgres_default' for task execution.
[2024-07-15T12:26:54.289+0000] {taskinstance.py:441} INFO - ::group::Post task execution logs
[2024-07-15T12:26:54.290+0000] {taskinstance.py:2905} ERROR - Task failed with exception
Traceback (most recent call last):
  File "/home/airflow/.local/lib/python3.12/site-packages/airflow/models/taskinstance.py", line 465, in _execute_task
    result = _execute_callable(context=context, **execute_callable_kwargs)
             ^^^^^^^^^^^^^^^^^^^^^^^^^^^^^^^^^^^^^^^^^^^^^^^^^^^^^^^^^^^^^
  File "/home/airflow/.local/lib/python3.12/site-packages/airflow/models/taskinstance.py", line 432, in _execute_callable
    return execute_callable(context=context, **execute_callable_kwargs)
           ^^^^^^^^^^^^^^^^^^^^^^^^^^^^^^^^^^^^^^^^^^^^^^^^^^^^^^^^^^^^
  File "/home/airflow/.local/lib/python3.12/site-packages/airflow/models/baseoperator.py", line 401, in wrapper
    return func(self, *args, **kwargs)
           ^^^^^^^^^^^^^^^^^^^^^^^^^^^
  File "/home/airflow/.local/lib/python3.12/site-packages/airflow/operators/python.py", line 235, in execute
    return_value = self.execute_callable()
                   ^^^^^^^^^^^^^^^^^^^^^^^
  File "/home/airflow/.local/lib/python3.12/site-packages/airflow/operators/python.py", line 252, in execute_callable
    return self.python_callable(*self.op_args, **self.op_kwargs)
           ^^^^^^^^^^^^^^^^^^^^^^^^^^^^^^^^^^^^^^^^^^^^^^^^^^^^^
  File "/opt/airflow/dags/from_csv_to_pgsql.py", line 46, in end_process
    log_id = ti.xcom_pull(key='log_id', task_id='start_process')
             ^^^^^^^^^^^^^^^^^^^^^^^^^^^^^^^^^^^^^^^^^^^^^^^^^^^
  File "/home/airflow/.local/lib/python3.12/site-packages/airflow/utils/session.py", line 79, in wrapper
    return func(*args, session=session, **kwargs)
           ^^^^^^^^^^^^^^^^^^^^^^^^^^^^^^^^^^^^^^
TypeError: TaskInstance.xcom_pull() got an unexpected keyword argument 'task_id'
[2024-07-15T12:26:54.299+0000] {taskinstance.py:1206} INFO - Marking task as UP_FOR_RETRY. dag_id=csv_to_pgsql, task_id=end_process, run_id=manual__2024-07-15T12:26:41.108773+00:00, execution_date=20240715T122641, start_date=20240715T122654, end_date=20240715T122654
[2024-07-15T12:26:54.307+0000] {standard_task_runner.py:110} ERROR - Failed to execute job 261 for task end_process (TaskInstance.xcom_pull() got an unexpected keyword argument 'task_id'; 607)
[2024-07-15T12:26:54.344+0000] {local_task_job_runner.py:240} INFO - Task exited with return code 1
[2024-07-15T12:26:54.357+0000] {taskinstance.py:3503} INFO - 0 downstream tasks scheduled from follow-on schedule check
[2024-07-15T12:26:54.358+0000] {local_task_job_runner.py:222} INFO - ::endgroup::
