[2024-07-19T20:49:25.285+0000] {local_task_job_runner.py:120} INFO - ::group::Pre task execution logs
[2024-07-19T20:49:25.309+0000] {taskinstance.py:2076} INFO - Dependencies all met for dep_context=non-requeueable deps ti=<TaskInstance: load.save_to_pg manual__2024-07-19T20:49:24.158667+00:00 [queued]>
[2024-07-19T20:49:25.318+0000] {taskinstance.py:2076} INFO - Dependencies all met for dep_context=requeueable deps ti=<TaskInstance: load.save_to_pg manual__2024-07-19T20:49:24.158667+00:00 [queued]>
[2024-07-19T20:49:25.319+0000] {taskinstance.py:2306} INFO - Starting attempt 1 of 2
[2024-07-19T20:49:25.330+0000] {taskinstance.py:2330} INFO - Executing <Task(PythonOperator): save_to_pg> on 2024-07-19 20:49:24.158667+00:00
[2024-07-19T20:49:25.337+0000] {standard_task_runner.py:90} INFO - Running: ['***', 'tasks', 'run', 'load', 'save_to_pg', 'manual__2024-07-19T20:49:24.158667+00:00', '--job-id', '688', '--raw', '--subdir', 'DAGS_FOLDER/load.py', '--cfg-path', '/tmp/tmp5e0c_c7g']
[2024-07-19T20:49:25.339+0000] {standard_task_runner.py:91} INFO - Job 688: Subtask save_to_pg
[2024-07-19T20:49:25.339+0000] {logging_mixin.py:188} WARNING - /home/***/.local/lib/python3.12/site-packages/***/task/task_runner/standard_task_runner.py:61 DeprecationWarning: This process (pid=5442) is multi-threaded, use of fork() may lead to deadlocks in the child.
[2024-07-19T20:49:25.340+0000] {standard_task_runner.py:63} INFO - Started process 5443 to run task
[2024-07-19T20:49:25.377+0000] {task_command.py:426} INFO - Running <TaskInstance: load.save_to_pg manual__2024-07-19T20:49:24.158667+00:00 [running]> on host 7c7e02e57379
[2024-07-19T20:49:25.460+0000] {taskinstance.py:2648} INFO - Exporting env vars: AIRFLOW_CTX_DAG_OWNER='***' AIRFLOW_CTX_DAG_ID='load' AIRFLOW_CTX_TASK_ID='save_to_pg' AIRFLOW_CTX_EXECUTION_DATE='2024-07-19T20:49:24.158667+00:00' AIRFLOW_CTX_TRY_NUMBER='1' AIRFLOW_CTX_DAG_RUN_ID='manual__2024-07-19T20:49:24.158667+00:00'
[2024-07-19T20:49:25.462+0000] {taskinstance.py:430} INFO - ::endgroup::
[2024-07-19T20:49:32.382+0000] {taskinstance.py:441} INFO - ::group::Post task execution logs
[2024-07-19T20:49:32.384+0000] {taskinstance.py:2905} ERROR - Task failed with exception
Traceback (most recent call last):
  File "/home/airflow/.local/lib/python3.12/site-packages/airflow/models/taskinstance.py", line 465, in _execute_task
    result = _execute_callable(context=context, **execute_callable_kwargs)
             ^^^^^^^^^^^^^^^^^^^^^^^^^^^^^^^^^^^^^^^^^^^^^^^^^^^^^^^^^^^^^
  File "/home/airflow/.local/lib/python3.12/site-packages/airflow/models/taskinstance.py", line 432, in _execute_callable
    return execute_callable(context=context, **execute_callable_kwargs)
           ^^^^^^^^^^^^^^^^^^^^^^^^^^^^^^^^^^^^^^^^^^^^^^^^^^^^^^^^^^^^
  File "/home/airflow/.local/lib/python3.12/site-packages/airflow/models/baseoperator.py", line 401, in wrapper
    return func(self, *args, **kwargs)
           ^^^^^^^^^^^^^^^^^^^^^^^^^^^
  File "/home/airflow/.local/lib/python3.12/site-packages/airflow/operators/python.py", line 235, in execute
    return_value = self.execute_callable()
                   ^^^^^^^^^^^^^^^^^^^^^^^
  File "/home/airflow/.local/lib/python3.12/site-packages/airflow/operators/python.py", line 252, in execute_callable
    return self.python_callable(*self.op_args, **self.op_kwargs)
           ^^^^^^^^^^^^^^^^^^^^^^^^^^^^^^^^^^^^^^^^^^^^^^^^^^^^^
  File "/opt/airflow/dags/load.py", line 54, in extract_from_csv_to_pg
    spark.close()
    ^^^^^^^^^^^
AttributeError: 'SparkSession' object has no attribute 'close'
[2024-07-19T20:49:32.401+0000] {taskinstance.py:1206} INFO - Marking task as UP_FOR_RETRY. dag_id=load, task_id=save_to_pg, run_id=manual__2024-07-19T20:49:24.158667+00:00, execution_date=20240719T204924, start_date=20240719T204925, end_date=20240719T204932
[2024-07-19T20:49:32.416+0000] {standard_task_runner.py:110} ERROR - Failed to execute job 688 for task save_to_pg ('SparkSession' object has no attribute 'close'; 5443)
[2024-07-19T20:49:32.431+0000] {local_task_job_runner.py:240} INFO - Task exited with return code 1
[2024-07-19T20:49:32.448+0000] {taskinstance.py:3503} INFO - 0 downstream tasks scheduled from follow-on schedule check
[2024-07-19T20:49:32.451+0000] {local_task_job_runner.py:222} INFO - ::endgroup::
