[2024-07-18T19:25:23.639+0000] {local_task_job_runner.py:120} INFO - ::group::Pre task execution logs
[2024-07-18T19:25:23.663+0000] {taskinstance.py:2076} INFO - Dependencies all met for dep_context=non-requeueable deps ti=<TaskInstance: run_fill_procedure.extract_and_load_process manual__2024-07-18T19:25:15.811032+00:00 [queued]>
[2024-07-18T19:25:23.670+0000] {taskinstance.py:2076} INFO - Dependencies all met for dep_context=requeueable deps ti=<TaskInstance: run_fill_procedure.extract_and_load_process manual__2024-07-18T19:25:15.811032+00:00 [queued]>
[2024-07-18T19:25:23.670+0000] {taskinstance.py:2306} INFO - Starting attempt 1 of 2
[2024-07-18T19:25:23.684+0000] {taskinstance.py:2330} INFO - Executing <Task(PythonOperator): extract_and_load_process> on 2024-07-18 19:25:15.811032+00:00
[2024-07-18T19:25:23.690+0000] {standard_task_runner.py:90} INFO - Running: ['***', 'tasks', 'run', 'run_fill_procedure', 'extract_and_load_process', 'manual__2024-07-18T19:25:15.811032+00:00', '--job-id', '494', '--raw', '--subdir', 'DAGS_FOLDER/create_and_fill_proc.py', '--cfg-path', '/tmp/tmpk9vqr9ty']
[2024-07-18T19:25:23.693+0000] {standard_task_runner.py:91} INFO - Job 494: Subtask extract_and_load_process
[2024-07-18T19:25:23.707+0000] {logging_mixin.py:188} WARNING - /home/***/.local/lib/python3.12/site-packages/***/task/task_runner/standard_task_runner.py:61 DeprecationWarning: This process (pid=13161) is multi-threaded, use of fork() may lead to deadlocks in the child.
[2024-07-18T19:25:23.708+0000] {standard_task_runner.py:63} INFO - Started process 13162 to run task
[2024-07-18T19:25:23.732+0000] {task_command.py:426} INFO - Running <TaskInstance: run_fill_procedure.extract_and_load_process manual__2024-07-18T19:25:15.811032+00:00 [running]> on host 7c7e02e57379
[2024-07-18T19:25:23.799+0000] {taskinstance.py:2648} INFO - Exporting env vars: AIRFLOW_CTX_DAG_OWNER='***' AIRFLOW_CTX_DAG_ID='run_fill_procedure' AIRFLOW_CTX_TASK_ID='extract_and_load_process' AIRFLOW_CTX_EXECUTION_DATE='2024-07-18T19:25:15.811032+00:00' AIRFLOW_CTX_TRY_NUMBER='1' AIRFLOW_CTX_DAG_RUN_ID='manual__2024-07-18T19:25:15.811032+00:00'
[2024-07-18T19:25:23.800+0000] {taskinstance.py:430} INFO - ::endgroup::
[2024-07-18T19:25:28.160+0000] {base.py:84} INFO - Using connection ID 'postgres_default' for task execution.
[2024-07-18T19:25:29.947+0000] {base.py:84} INFO - Using connection ID 'postgres_default' for task execution.
[2024-07-18T19:25:31.189+0000] {base.py:84} INFO - Using connection ID 'postgres_default' for task execution.
[2024-07-18T19:25:32.224+0000] {base.py:84} INFO - Using connection ID 'postgres_default' for task execution.
[2024-07-18T19:25:32.652+0000] {base.py:84} INFO - Using connection ID 'postgres_default' for task execution.
[2024-07-18T19:25:33.711+0000] {base.py:84} INFO - Using connection ID 'postgres_default' for task execution.
[2024-07-18T19:25:34.223+0000] {python.py:237} INFO - Done. Returned value was: None
[2024-07-18T19:25:34.224+0000] {taskinstance.py:441} INFO - ::group::Post task execution logs
[2024-07-18T19:25:34.235+0000] {taskinstance.py:1206} INFO - Marking task as SUCCESS. dag_id=run_fill_procedure, task_id=extract_and_load_process, run_id=manual__2024-07-18T19:25:15.811032+00:00, execution_date=20240718T192515, start_date=20240718T192523, end_date=20240718T192534
[2024-07-18T19:25:34.266+0000] {local_task_job_runner.py:240} INFO - Task exited with return code 0
[2024-07-18T19:25:34.278+0000] {logging_mixin.py:188} WARNING - /home/***/.local/lib/python3.12/site-packages/***/models/baseoperator.py:1297 AirflowProviderDeprecationWarning: Call to deprecated class PostgresOperator. (Please use `***.providers.common.sql.operators.sql.SQLExecuteQueryOperator`.Also, you can provide `hook_params={'schema': <database>}`.)
[2024-07-18T19:25:34.295+0000] {taskinstance.py:3503} INFO - 1 downstream tasks scheduled from follow-on schedule check
[2024-07-18T19:25:34.298+0000] {local_task_job_runner.py:222} INFO - ::endgroup::
