[2024-07-19T19:19:53.075+0000] {local_task_job_runner.py:120} INFO - ::group::Pre task execution logs
[2024-07-19T19:19:53.103+0000] {taskinstance.py:2076} INFO - Dependencies all met for dep_context=non-requeueable deps ti=<TaskInstance: run_fill_f_101_round_f.fill_dm_account_turnover manual__2024-07-19T19:19:28.085429+00:00 [queued]>
[2024-07-19T19:19:53.111+0000] {taskinstance.py:2076} INFO - Dependencies all met for dep_context=requeueable deps ti=<TaskInstance: run_fill_f_101_round_f.fill_dm_account_turnover manual__2024-07-19T19:19:28.085429+00:00 [queued]>
[2024-07-19T19:19:53.112+0000] {taskinstance.py:2306} INFO - Starting attempt 1 of 2
[2024-07-19T19:19:53.124+0000] {taskinstance.py:2330} INFO - Executing <Task(PythonOperator): fill_dm_account_turnover> on 2024-07-19 19:19:28.085429+00:00
[2024-07-19T19:19:53.131+0000] {standard_task_runner.py:90} INFO - Running: ['***', 'tasks', 'run', 'run_fill_f_101_round_f', 'fill_dm_account_turnover', 'manual__2024-07-19T19:19:28.085429+00:00', '--job-id', '609', '--raw', '--subdir', 'DAGS_FOLDER/сreate_and_fill_f101_round_f.py', '--cfg-path', '/tmp/tmpfyusdr43']
[2024-07-19T19:19:53.134+0000] {standard_task_runner.py:91} INFO - Job 609: Subtask fill_dm_account_turnover
[2024-07-19T19:19:53.145+0000] {logging_mixin.py:188} WARNING - /home/***/.local/lib/python3.12/site-packages/***/task/task_runner/standard_task_runner.py:61 DeprecationWarning: This process (pid=16276) is multi-threaded, use of fork() may lead to deadlocks in the child.
[2024-07-19T19:19:53.146+0000] {standard_task_runner.py:63} INFO - Started process 16277 to run task
[2024-07-19T19:19:53.175+0000] {task_command.py:426} INFO - Running <TaskInstance: run_fill_f_101_round_f.fill_dm_account_turnover manual__2024-07-19T19:19:28.085429+00:00 [running]> on host 7c7e02e57379
[2024-07-19T19:19:53.258+0000] {taskinstance.py:2648} INFO - Exporting env vars: AIRFLOW_CTX_DAG_OWNER='***' AIRFLOW_CTX_DAG_ID='run_fill_f_101_round_f' AIRFLOW_CTX_TASK_ID='fill_dm_account_turnover' AIRFLOW_CTX_EXECUTION_DATE='2024-07-19T19:19:28.085429+00:00' AIRFLOW_CTX_TRY_NUMBER='1' AIRFLOW_CTX_DAG_RUN_ID='manual__2024-07-19T19:19:28.085429+00:00'
[2024-07-19T19:19:53.259+0000] {taskinstance.py:430} INFO - ::endgroup::
[2024-07-19T19:19:53.277+0000] {base.py:84} INFO - Using connection ID 'postgres_default' for task execution.
[2024-07-19T19:19:53.288+0000] {base.py:84} INFO - Using connection ID 'postgres_default' for task execution.
[2024-07-19T19:19:53.302+0000] {base.py:84} INFO - Using connection ID 'postgres_default' for task execution.
[2024-07-19T19:19:53.808+0000] {python.py:237} INFO - Done. Returned value was: None
[2024-07-19T19:19:53.809+0000] {taskinstance.py:441} INFO - ::group::Post task execution logs
[2024-07-19T19:19:53.822+0000] {taskinstance.py:1206} INFO - Marking task as SUCCESS. dag_id=run_fill_f_101_round_f, task_id=fill_dm_account_turnover, run_id=manual__2024-07-19T19:19:28.085429+00:00, execution_date=20240719T191928, start_date=20240719T191953, end_date=20240719T191953
[2024-07-19T19:19:53.844+0000] {local_task_job_runner.py:240} INFO - Task exited with return code 0
[2024-07-19T19:19:53.856+0000] {logging_mixin.py:188} WARNING - /home/***/.local/lib/python3.12/site-packages/***/models/baseoperator.py:1297 AirflowProviderDeprecationWarning: Call to deprecated class PostgresOperator. (Please use `***.providers.common.sql.operators.sql.SQLExecuteQueryOperator`.Also, you can provide `hook_params={'schema': <database>}`.)
[2024-07-19T19:19:53.873+0000] {taskinstance.py:3503} INFO - 1 downstream tasks scheduled from follow-on schedule check
[2024-07-19T19:19:53.874+0000] {local_task_job_runner.py:222} INFO - ::endgroup::
