[2024-07-18T15:54:26.119+0000] {local_task_job_runner.py:120} INFO - ::group::Pre task execution logs
[2024-07-18T15:54:26.143+0000] {taskinstance.py:2076} INFO - Dependencies all met for dep_context=non-requeueable deps ti=<TaskInstance: run_fill_procedure.extract_and_load_process manual__2024-07-18T15:49:09.493144+00:00 [queued]>
[2024-07-18T15:54:26.150+0000] {taskinstance.py:2076} INFO - Dependencies all met for dep_context=requeueable deps ti=<TaskInstance: run_fill_procedure.extract_and_load_process manual__2024-07-18T15:49:09.493144+00:00 [queued]>
[2024-07-18T15:54:26.151+0000] {taskinstance.py:2306} INFO - Starting attempt 2 of 2
[2024-07-18T15:54:26.161+0000] {taskinstance.py:2330} INFO - Executing <Task(PythonOperator): extract_and_load_process> on 2024-07-18 15:49:09.493144+00:00
[2024-07-18T15:54:26.167+0000] {standard_task_runner.py:90} INFO - Running: ['***', 'tasks', 'run', 'run_fill_procedure', 'extract_and_load_process', 'manual__2024-07-18T15:49:09.493144+00:00', '--job-id', '444', '--raw', '--subdir', 'DAGS_FOLDER/create_and_fill_proc.py', '--cfg-path', '/tmp/tmpsibngi13']
[2024-07-18T15:54:26.169+0000] {standard_task_runner.py:91} INFO - Job 444: Subtask extract_and_load_process
[2024-07-18T15:54:26.179+0000] {logging_mixin.py:188} WARNING - /home/***/.local/lib/python3.12/site-packages/***/task/task_runner/standard_task_runner.py:61 DeprecationWarning: This process (pid=6124) is multi-threaded, use of fork() may lead to deadlocks in the child.
[2024-07-18T15:54:26.180+0000] {standard_task_runner.py:63} INFO - Started process 6125 to run task
[2024-07-18T15:54:26.207+0000] {task_command.py:426} INFO - Running <TaskInstance: run_fill_procedure.extract_and_load_process manual__2024-07-18T15:49:09.493144+00:00 [running]> on host 7c7e02e57379
[2024-07-18T15:54:26.268+0000] {taskinstance.py:2648} INFO - Exporting env vars: AIRFLOW_CTX_DAG_OWNER='***' AIRFLOW_CTX_DAG_ID='run_fill_procedure' AIRFLOW_CTX_TASK_ID='extract_and_load_process' AIRFLOW_CTX_EXECUTION_DATE='2024-07-18T15:49:09.493144+00:00' AIRFLOW_CTX_TRY_NUMBER='2' AIRFLOW_CTX_DAG_RUN_ID='manual__2024-07-18T15:49:09.493144+00:00'
[2024-07-18T15:54:26.269+0000] {taskinstance.py:430} INFO - ::endgroup::
[2024-07-18T15:54:29.876+0000] {base.py:84} INFO - Using connection ID 'postgres_default' for task execution.
[2024-07-18T15:54:31.673+0000] {base.py:84} INFO - Using connection ID 'postgres_default' for task execution.
[2024-07-18T15:54:32.959+0000] {base.py:84} INFO - Using connection ID 'postgres_default' for task execution.
[2024-07-18T15:54:33.929+0000] {base.py:84} INFO - Using connection ID 'postgres_default' for task execution.
[2024-07-18T15:54:34.281+0000] {base.py:84} INFO - Using connection ID 'postgres_default' for task execution.
[2024-07-18T15:54:35.390+0000] {base.py:84} INFO - Using connection ID 'postgres_default' for task execution.
[2024-07-18T15:54:36.095+0000] {python.py:237} INFO - Done. Returned value was: None
[2024-07-18T15:54:36.097+0000] {taskinstance.py:441} INFO - ::group::Post task execution logs
[2024-07-18T15:54:36.107+0000] {taskinstance.py:1206} INFO - Marking task as SUCCESS. dag_id=run_fill_procedure, task_id=extract_and_load_process, run_id=manual__2024-07-18T15:49:09.493144+00:00, execution_date=20240718T154909, start_date=20240718T155426, end_date=20240718T155436
[2024-07-18T15:54:36.143+0000] {local_task_job_runner.py:240} INFO - Task exited with return code 0
[2024-07-18T15:54:36.156+0000] {logging_mixin.py:188} WARNING - /home/***/.local/lib/python3.12/site-packages/***/models/baseoperator.py:1297 AirflowProviderDeprecationWarning: Call to deprecated class PostgresOperator. (Please use `***.providers.common.sql.operators.sql.SQLExecuteQueryOperator`.Also, you can provide `hook_params={'schema': <database>}`.)
[2024-07-18T15:54:36.175+0000] {taskinstance.py:3503} INFO - 1 downstream tasks scheduled from follow-on schedule check
[2024-07-18T15:54:36.178+0000] {local_task_job_runner.py:222} INFO - ::endgroup::
