[2024-07-19T16:34:30.114+0000] {local_task_job_runner.py:120} INFO - ::group::Pre task execution logs
[2024-07-19T16:34:30.144+0000] {taskinstance.py:2076} INFO - Dependencies all met for dep_context=non-requeueable deps ti=<TaskInstance: run_fill_f_101_round_f.fill_f101 manual__2024-07-19T16:33:28.672166+00:00 [queued]>
[2024-07-19T16:34:30.155+0000] {taskinstance.py:2076} INFO - Dependencies all met for dep_context=requeueable deps ti=<TaskInstance: run_fill_f_101_round_f.fill_f101 manual__2024-07-19T16:33:28.672166+00:00 [queued]>
[2024-07-19T16:34:30.156+0000] {taskinstance.py:2306} INFO - Starting attempt 1 of 2
[2024-07-19T16:34:30.171+0000] {taskinstance.py:2330} INFO - Executing <Task(PythonOperator): fill_f101> on 2024-07-19 16:33:28.672166+00:00
[2024-07-19T16:34:30.178+0000] {standard_task_runner.py:90} INFO - Running: ['***', 'tasks', 'run', 'run_fill_f_101_round_f', 'fill_f101', 'manual__2024-07-19T16:33:28.672166+00:00', '--job-id', '598', '--raw', '--subdir', 'DAGS_FOLDER/сreate_and_fill_f101_round_f.py', '--cfg-path', '/tmp/tmp0s5m5g3q']
[2024-07-19T16:34:30.180+0000] {standard_task_runner.py:91} INFO - Job 598: Subtask fill_f101
[2024-07-19T16:34:30.205+0000] {logging_mixin.py:188} WARNING - /home/***/.local/lib/python3.12/site-packages/***/task/task_runner/standard_task_runner.py:61 DeprecationWarning: This process (pid=11781) is multi-threaded, use of fork() may lead to deadlocks in the child.
[2024-07-19T16:34:30.207+0000] {standard_task_runner.py:63} INFO - Started process 11782 to run task
[2024-07-19T16:34:30.229+0000] {task_command.py:426} INFO - Running <TaskInstance: run_fill_f_101_round_f.fill_f101 manual__2024-07-19T16:33:28.672166+00:00 [running]> on host 7c7e02e57379
[2024-07-19T16:34:30.312+0000] {taskinstance.py:2648} INFO - Exporting env vars: AIRFLOW_CTX_DAG_OWNER='***' AIRFLOW_CTX_DAG_ID='run_fill_f_101_round_f' AIRFLOW_CTX_TASK_ID='fill_f101' AIRFLOW_CTX_EXECUTION_DATE='2024-07-19T16:33:28.672166+00:00' AIRFLOW_CTX_TRY_NUMBER='1' AIRFLOW_CTX_DAG_RUN_ID='manual__2024-07-19T16:33:28.672166+00:00'
[2024-07-19T16:34:30.314+0000] {taskinstance.py:430} INFO - ::endgroup::
[2024-07-19T16:34:30.334+0000] {base.py:84} INFO - Using connection ID 'postgres_default' for task execution.
[2024-07-19T16:34:30.345+0000] {base.py:84} INFO - Using connection ID 'postgres_default' for task execution.
[2024-07-19T16:34:30.359+0000] {base.py:84} INFO - Using connection ID 'postgres_default' for task execution.
[2024-07-19T16:34:30.379+0000] {python.py:237} INFO - Done. Returned value was: None
[2024-07-19T16:34:30.380+0000] {taskinstance.py:441} INFO - ::group::Post task execution logs
[2024-07-19T16:34:30.391+0000] {taskinstance.py:1206} INFO - Marking task as SUCCESS. dag_id=run_fill_f_101_round_f, task_id=fill_f101, run_id=manual__2024-07-19T16:33:28.672166+00:00, execution_date=20240719T163328, start_date=20240719T163430, end_date=20240719T163430
[2024-07-19T16:34:30.421+0000] {local_task_job_runner.py:240} INFO - Task exited with return code 0
[2024-07-19T16:34:30.441+0000] {taskinstance.py:3503} INFO - 1 downstream tasks scheduled from follow-on schedule check
[2024-07-19T16:34:30.443+0000] {local_task_job_runner.py:222} INFO - ::endgroup::
