[2024-07-19T20:09:04.726+0000] {local_task_job_runner.py:120} INFO - ::group::Pre task execution logs
[2024-07-19T20:09:04.771+0000] {taskinstance.py:2076} INFO - Dependencies all met for dep_context=non-requeueable deps ti=<TaskInstance: extract_and_load_1.save_to_pg scheduled__2024-07-16T00:00:00+00:00 [queued]>
[2024-07-19T20:09:04.785+0000] {taskinstance.py:2076} INFO - Dependencies all met for dep_context=requeueable deps ti=<TaskInstance: extract_and_load_1.save_to_pg scheduled__2024-07-16T00:00:00+00:00 [queued]>
[2024-07-19T20:09:04.786+0000] {taskinstance.py:2306} INFO - Starting attempt 1 of 2
[2024-07-19T20:09:04.808+0000] {taskinstance.py:2330} INFO - Executing <Task(PythonOperator): save_to_pg> on 2024-07-16 00:00:00+00:00
[2024-07-19T20:09:04.825+0000] {standard_task_runner.py:90} INFO - Running: ['***', 'tasks', 'run', 'extract_and_load_1', 'save_to_pg', 'scheduled__2024-07-16T00:00:00+00:00', '--job-id', '664', '--raw', '--subdir', 'DAGS_FOLDER/extract_and_load.py', '--cfg-path', '/tmp/tmp9sqmf2fs']
[2024-07-19T20:09:04.829+0000] {standard_task_runner.py:91} INFO - Job 664: Subtask save_to_pg
[2024-07-19T20:09:04.854+0000] {logging_mixin.py:188} WARNING - /home/***/.local/lib/python3.12/site-packages/***/task/task_runner/standard_task_runner.py:61 DeprecationWarning: This process (pid=23613) is multi-threaded, use of fork() may lead to deadlocks in the child.
[2024-07-19T20:09:04.856+0000] {standard_task_runner.py:63} INFO - Started process 23618 to run task
[2024-07-19T20:09:04.907+0000] {task_command.py:426} INFO - Running <TaskInstance: extract_and_load_1.save_to_pg scheduled__2024-07-16T00:00:00+00:00 [running]> on host 7c7e02e57379
[2024-07-19T20:09:05.036+0000] {taskinstance.py:2648} INFO - Exporting env vars: AIRFLOW_CTX_DAG_OWNER='***' AIRFLOW_CTX_DAG_ID='extract_and_load_1' AIRFLOW_CTX_TASK_ID='save_to_pg' AIRFLOW_CTX_EXECUTION_DATE='2024-07-16T00:00:00+00:00' AIRFLOW_CTX_TRY_NUMBER='1' AIRFLOW_CTX_DAG_RUN_ID='scheduled__2024-07-16T00:00:00+00:00'
[2024-07-19T20:09:05.038+0000] {taskinstance.py:430} INFO - ::endgroup::
[2024-07-19T20:09:17.849+0000] {taskinstance.py:441} INFO - ::group::Post task execution logs
[2024-07-19T20:09:17.902+0000] {taskinstance.py:2905} ERROR - Task failed with exception
Traceback (most recent call last):
  File "/home/airflow/.local/lib/python3.12/site-packages/airflow/models/taskinstance.py", line 465, in _execute_task
    result = _execute_callable(context=context, **execute_callable_kwargs)
             ^^^^^^^^^^^^^^^^^^^^^^^^^^^^^^^^^^^^^^^^^^^^^^^^^^^^^^^^^^^^^
  File "/home/airflow/.local/lib/python3.12/site-packages/airflow/models/taskinstance.py", line 432, in _execute_callable
    return execute_callable(context=context, **execute_callable_kwargs)
           ^^^^^^^^^^^^^^^^^^^^^^^^^^^^^^^^^^^^^^^^^^^^^^^^^^^^^^^^^^^^
  File "/home/airflow/.local/lib/python3.12/site-packages/airflow/models/baseoperator.py", line 401, in wrapper
    return func(self, *args, **kwargs)
           ^^^^^^^^^^^^^^^^^^^^^^^^^^^
  File "/home/airflow/.local/lib/python3.12/site-packages/airflow/operators/python.py", line 235, in execute
    return_value = self.execute_callable()
                   ^^^^^^^^^^^^^^^^^^^^^^^
  File "/home/airflow/.local/lib/python3.12/site-packages/airflow/operators/python.py", line 252, in execute_callable
    return self.python_callable(*self.op_args, **self.op_kwargs)
           ^^^^^^^^^^^^^^^^^^^^^^^^^^^^^^^^^^^^^^^^^^^^^^^^^^^^^
  File "/opt/airflow/dags/extract_and_load.py", line 39, in extract_from_csv_to_pg
    df = spark.read.csv(f'/opt/airflow/files/dm_f101_round_f.csv/part-00000-5b91166e-b91f-41db-a5b3-d162613dacc2-c000', sep=',', header=True)
         ^^^^^^^^^^^^^^^^^^^^^^^^^^^^^^^^^^^^^^^^^^^^^^^^^^^^^^^^^^^^^^^^^^^^^^^^^^^^^^^^^^^^^^^^^^^^^^^^^^^^^^^^^^^^^^^^^^^^^^^^^^^^^^^^^^^^
  File "/home/airflow/.local/lib/python3.12/site-packages/pyspark/sql/readwriter.py", line 740, in csv
    return self._df(self._jreader.csv(self._spark._sc._jvm.PythonUtils.toSeq(path)))
                    ^^^^^^^^^^^^^^^^^^^^^^^^^^^^^^^^^^^^^^^^^^^^^^^^^^^^^^^^^^^^^^^
  File "/home/airflow/.local/lib/python3.12/site-packages/py4j/java_gateway.py", line 1322, in __call__
    return_value = get_return_value(
                   ^^^^^^^^^^^^^^^^^
  File "/home/airflow/.local/lib/python3.12/site-packages/pyspark/errors/exceptions/captured.py", line 185, in deco
    raise converted from None
pyspark.errors.exceptions.captured.AnalysisException: [PATH_NOT_FOUND] Path does not exist: file:/opt/airflow/files/dm_f101_round_f.csv/part-00000-5b91166e-b91f-41db-a5b3-d162613dacc2-c000.
[2024-07-19T20:09:18.087+0000] {taskinstance.py:1206} INFO - Marking task as UP_FOR_RETRY. dag_id=extract_and_load_1, task_id=save_to_pg, run_id=scheduled__2024-07-16T00:00:00+00:00, execution_date=20240716T000000, start_date=20240719T200904, end_date=20240719T200918
[2024-07-19T20:09:18.184+0000] {standard_task_runner.py:110} ERROR - Failed to execute job 664 for task save_to_pg ([PATH_NOT_FOUND] Path does not exist: file:/opt/airflow/files/dm_f101_round_f.csv/part-00000-5b91166e-b91f-41db-a5b3-d162613dacc2-c000.; 23618)
[2024-07-19T20:09:18.222+0000] {local_task_job_runner.py:240} INFO - Task exited with return code 1
[2024-07-19T20:09:18.304+0000] {taskinstance.py:3503} INFO - 0 downstream tasks scheduled from follow-on schedule check
[2024-07-19T20:09:18.306+0000] {local_task_job_runner.py:222} INFO - ::endgroup::
