[2024-07-17T11:29:55.722+0000] {local_task_job_runner.py:120} INFO - ::group::Pre task execution logs
[2024-07-17T11:29:55.755+0000] {taskinstance.py:2076} INFO - Dependencies all met for dep_context=non-requeueable deps ti=<TaskInstance: csv_to_pgsql.extract_and_load_process scheduled__2024-07-16T00:00:00+00:00 [queued]>
[2024-07-17T11:29:55.763+0000] {taskinstance.py:2076} INFO - Dependencies all met for dep_context=requeueable deps ti=<TaskInstance: csv_to_pgsql.extract_and_load_process scheduled__2024-07-16T00:00:00+00:00 [queued]>
[2024-07-17T11:29:55.764+0000] {taskinstance.py:2306} INFO - Starting attempt 1 of 2
[2024-07-17T11:29:55.777+0000] {taskinstance.py:2330} INFO - Executing <Task(PythonOperator): extract_and_load_process> on 2024-07-16 00:00:00+00:00
[2024-07-17T11:29:55.783+0000] {standard_task_runner.py:90} INFO - Running: ['***', 'tasks', 'run', 'csv_to_pgsql', 'extract_and_load_process', 'scheduled__2024-07-16T00:00:00+00:00', '--job-id', '365', '--raw', '--subdir', 'DAGS_FOLDER/from_csv_to_pgsql.py', '--cfg-path', '/tmp/tmplqtg_f7m']
[2024-07-17T11:29:55.786+0000] {standard_task_runner.py:91} INFO - Job 365: Subtask extract_and_load_process
[2024-07-17T11:29:55.786+0000] {logging_mixin.py:188} WARNING - /home/***/.local/lib/python3.12/site-packages/***/task/task_runner/standard_task_runner.py:61 DeprecationWarning: This process (pid=200) is multi-threaded, use of fork() may lead to deadlocks in the child.
[2024-07-17T11:29:55.787+0000] {standard_task_runner.py:63} INFO - Started process 201 to run task
[2024-07-17T11:29:55.847+0000] {task_command.py:426} INFO - Running <TaskInstance: csv_to_pgsql.extract_and_load_process scheduled__2024-07-16T00:00:00+00:00 [running]> on host 77e6c655c0d2
[2024-07-17T11:29:55.949+0000] {taskinstance.py:2648} INFO - Exporting env vars: AIRFLOW_CTX_DAG_OWNER='***' AIRFLOW_CTX_DAG_ID='csv_to_pgsql' AIRFLOW_CTX_TASK_ID='extract_and_load_process' AIRFLOW_CTX_EXECUTION_DATE='2024-07-16T00:00:00+00:00' AIRFLOW_CTX_TRY_NUMBER='1' AIRFLOW_CTX_DAG_RUN_ID='scheduled__2024-07-16T00:00:00+00:00'
[2024-07-17T11:29:55.950+0000] {taskinstance.py:430} INFO - ::endgroup::
[2024-07-17T11:30:03.885+0000] {taskinstance.py:441} INFO - ::group::Post task execution logs
[2024-07-17T11:30:03.886+0000] {taskinstance.py:2905} ERROR - Task failed with exception
Traceback (most recent call last):
  File "/home/airflow/.local/lib/python3.12/site-packages/airflow/models/taskinstance.py", line 465, in _execute_task
    result = _execute_callable(context=context, **execute_callable_kwargs)
             ^^^^^^^^^^^^^^^^^^^^^^^^^^^^^^^^^^^^^^^^^^^^^^^^^^^^^^^^^^^^^
  File "/home/airflow/.local/lib/python3.12/site-packages/airflow/models/taskinstance.py", line 432, in _execute_callable
    return execute_callable(context=context, **execute_callable_kwargs)
           ^^^^^^^^^^^^^^^^^^^^^^^^^^^^^^^^^^^^^^^^^^^^^^^^^^^^^^^^^^^^
  File "/home/airflow/.local/lib/python3.12/site-packages/airflow/models/baseoperator.py", line 401, in wrapper
    return func(self, *args, **kwargs)
           ^^^^^^^^^^^^^^^^^^^^^^^^^^^
  File "/home/airflow/.local/lib/python3.12/site-packages/airflow/operators/python.py", line 235, in execute
    return_value = self.execute_callable()
                   ^^^^^^^^^^^^^^^^^^^^^^^
  File "/home/airflow/.local/lib/python3.12/site-packages/airflow/operators/python.py", line 252, in execute_callable
    return self.python_callable(*self.op_args, **self.op_kwargs)
           ^^^^^^^^^^^^^^^^^^^^^^^^^^^^^^^^^^^^^^^^^^^^^^^^^^^^^
  File "/opt/airflow/dags/from_csv_to_pgsql.py", line 120, in extract_and_load_task
    df = df.dropDublicates()
         ^^^^^^^^^^^^^^^^^
  File "/home/airflow/.local/lib/python3.12/site-packages/pyspark/sql/dataframe.py", line 3127, in __getattr__
    raise AttributeError(
AttributeError: 'DataFrame' object has no attribute 'dropDublicates'. Did you mean: 'dropDuplicates'?
[2024-07-17T11:30:03.904+0000] {taskinstance.py:1206} INFO - Marking task as UP_FOR_RETRY. dag_id=csv_to_pgsql, task_id=extract_and_load_process, run_id=scheduled__2024-07-16T00:00:00+00:00, execution_date=20240716T000000, start_date=20240717T112955, end_date=20240717T113003
[2024-07-17T11:30:03.922+0000] {standard_task_runner.py:110} ERROR - Failed to execute job 365 for task extract_and_load_process ('DataFrame' object has no attribute 'dropDublicates'; 201)
[2024-07-17T11:30:03.947+0000] {local_task_job_runner.py:240} INFO - Task exited with return code 1
[2024-07-17T11:30:03.987+0000] {taskinstance.py:3503} INFO - 0 downstream tasks scheduled from follow-on schedule check
[2024-07-17T11:30:03.991+0000] {local_task_job_runner.py:222} INFO - ::endgroup::
