[2024-07-19T12:06:57.353+0000] {local_task_job_runner.py:120} INFO - ::group::Pre task execution logs
[2024-07-19T12:06:57.390+0000] {taskinstance.py:2076} INFO - Dependencies all met for dep_context=non-requeueable deps ti=<TaskInstance: run_fill_procedure.start_process scheduled__2024-07-18T00:00:00+00:00 [queued]>
[2024-07-19T12:06:57.400+0000] {taskinstance.py:2076} INFO - Dependencies all met for dep_context=requeueable deps ti=<TaskInstance: run_fill_procedure.start_process scheduled__2024-07-18T00:00:00+00:00 [queued]>
[2024-07-19T12:06:57.402+0000] {taskinstance.py:2306} INFO - Starting attempt 1 of 2
[2024-07-19T12:06:57.419+0000] {taskinstance.py:2330} INFO - Executing <Task(PythonOperator): start_process> on 2024-07-18 00:00:00+00:00
[2024-07-19T12:06:57.426+0000] {standard_task_runner.py:90} INFO - Running: ['***', 'tasks', 'run', 'run_fill_procedure', 'start_process', 'scheduled__2024-07-18T00:00:00+00:00', '--job-id', '510', '--raw', '--subdir', 'DAGS_FOLDER/create_and_fill_proc.py', '--cfg-path', '/tmp/tmpb0fxi7m4']
[2024-07-19T12:06:57.429+0000] {standard_task_runner.py:91} INFO - Job 510: Subtask start_process
[2024-07-19T12:06:57.429+0000] {logging_mixin.py:188} WARNING - /home/***/.local/lib/python3.12/site-packages/***/task/task_runner/standard_task_runner.py:61 DeprecationWarning: This process (pid=180) is multi-threaded, use of fork() may lead to deadlocks in the child.
[2024-07-19T12:06:57.430+0000] {standard_task_runner.py:63} INFO - Started process 191 to run task
[2024-07-19T12:06:57.482+0000] {task_command.py:426} INFO - Running <TaskInstance: run_fill_procedure.start_process scheduled__2024-07-18T00:00:00+00:00 [running]> on host 7c7e02e57379
[2024-07-19T12:06:57.580+0000] {taskinstance.py:2648} INFO - Exporting env vars: AIRFLOW_CTX_DAG_OWNER='***' AIRFLOW_CTX_DAG_ID='run_fill_procedure' AIRFLOW_CTX_TASK_ID='start_process' AIRFLOW_CTX_EXECUTION_DATE='2024-07-18T00:00:00+00:00' AIRFLOW_CTX_TRY_NUMBER='1' AIRFLOW_CTX_DAG_RUN_ID='scheduled__2024-07-18T00:00:00+00:00'
[2024-07-19T12:06:57.581+0000] {taskinstance.py:430} INFO - ::endgroup::
[2024-07-19T12:06:57.614+0000] {base.py:84} INFO - Using connection ID 'postgres_default' for task execution.
[2024-07-19T12:07:02.667+0000] {python.py:237} INFO - Done. Returned value was: None
[2024-07-19T12:07:02.669+0000] {taskinstance.py:441} INFO - ::group::Post task execution logs
[2024-07-19T12:07:02.678+0000] {taskinstance.py:1206} INFO - Marking task as SUCCESS. dag_id=run_fill_procedure, task_id=start_process, run_id=scheduled__2024-07-18T00:00:00+00:00, execution_date=20240718T000000, start_date=20240719T120657, end_date=20240719T120702
[2024-07-19T12:07:02.705+0000] {local_task_job_runner.py:240} INFO - Task exited with return code 0
[2024-07-19T12:07:02.714+0000] {logging_mixin.py:188} WARNING - /home/***/.local/lib/python3.12/site-packages/***/models/baseoperator.py:1297 AirflowProviderDeprecationWarning: Call to deprecated class PostgresOperator. (Please use `***.providers.common.sql.operators.sql.SQLExecuteQueryOperator`.Also, you can provide `hook_params={'schema': <database>}`.)
[2024-07-19T12:07:02.730+0000] {taskinstance.py:3503} INFO - 1 downstream tasks scheduled from follow-on schedule check
[2024-07-19T12:07:02.732+0000] {local_task_job_runner.py:222} INFO - ::endgroup::
