[2024-07-19T19:39:24.426+0000] {local_task_job_runner.py:120} INFO - ::group::Pre task execution logs
[2024-07-19T19:39:24.475+0000] {taskinstance.py:2076} INFO - Dependencies all met for dep_context=non-requeueable deps ti=<TaskInstance: run_fill_f_101_round_f.fill_f101 manual__2024-07-19T19:38:54.682703+00:00 [queued]>
[2024-07-19T19:39:24.494+0000] {taskinstance.py:2076} INFO - Dependencies all met for dep_context=requeueable deps ti=<TaskInstance: run_fill_f_101_round_f.fill_f101 manual__2024-07-19T19:38:54.682703+00:00 [queued]>
[2024-07-19T19:39:24.495+0000] {taskinstance.py:2306} INFO - Starting attempt 1 of 2
[2024-07-19T19:39:24.512+0000] {taskinstance.py:2330} INFO - Executing <Task(PythonOperator): fill_f101> on 2024-07-19 19:38:54.682703+00:00
[2024-07-19T19:39:24.528+0000] {standard_task_runner.py:90} INFO - Running: ['***', 'tasks', 'run', 'run_fill_f_101_round_f', 'fill_f101', 'manual__2024-07-19T19:38:54.682703+00:00', '--job-id', '628', '--raw', '--subdir', 'DAGS_FOLDER/сreate_and_fill_f101_round_f.py', '--cfg-path', '/tmp/tmp2e2m2by4']
[2024-07-19T19:39:24.531+0000] {standard_task_runner.py:91} INFO - Job 628: Subtask fill_f101
[2024-07-19T19:39:24.550+0000] {logging_mixin.py:188} WARNING - /home/***/.local/lib/python3.12/site-packages/***/task/task_runner/standard_task_runner.py:61 DeprecationWarning: This process (pid=17957) is multi-threaded, use of fork() may lead to deadlocks in the child.
[2024-07-19T19:39:24.552+0000] {standard_task_runner.py:63} INFO - Started process 17958 to run task
[2024-07-19T19:39:24.579+0000] {task_command.py:426} INFO - Running <TaskInstance: run_fill_f_101_round_f.fill_f101 manual__2024-07-19T19:38:54.682703+00:00 [running]> on host 7c7e02e57379
[2024-07-19T19:39:24.665+0000] {taskinstance.py:2648} INFO - Exporting env vars: AIRFLOW_CTX_DAG_OWNER='***' AIRFLOW_CTX_DAG_ID='run_fill_f_101_round_f' AIRFLOW_CTX_TASK_ID='fill_f101' AIRFLOW_CTX_EXECUTION_DATE='2024-07-19T19:38:54.682703+00:00' AIRFLOW_CTX_TRY_NUMBER='1' AIRFLOW_CTX_DAG_RUN_ID='manual__2024-07-19T19:38:54.682703+00:00'
[2024-07-19T19:39:24.667+0000] {taskinstance.py:430} INFO - ::endgroup::
[2024-07-19T19:39:24.687+0000] {base.py:84} INFO - Using connection ID 'postgres_default' for task execution.
[2024-07-19T19:39:24.699+0000] {base.py:84} INFO - Using connection ID 'postgres_default' for task execution.
[2024-07-19T19:39:24.712+0000] {base.py:84} INFO - Using connection ID 'postgres_default' for task execution.
[2024-07-19T19:39:24.741+0000] {python.py:237} INFO - Done. Returned value was: None
[2024-07-19T19:39:24.742+0000] {taskinstance.py:441} INFO - ::group::Post task execution logs
[2024-07-19T19:39:24.754+0000] {taskinstance.py:1206} INFO - Marking task as SUCCESS. dag_id=run_fill_f_101_round_f, task_id=fill_f101, run_id=manual__2024-07-19T19:38:54.682703+00:00, execution_date=20240719T193854, start_date=20240719T193924, end_date=20240719T193924
[2024-07-19T19:39:24.806+0000] {local_task_job_runner.py:240} INFO - Task exited with return code 0
[2024-07-19T19:39:24.828+0000] {taskinstance.py:3503} INFO - 1 downstream tasks scheduled from follow-on schedule check
[2024-07-19T19:39:24.831+0000] {local_task_job_runner.py:222} INFO - ::endgroup::
