[2024-07-18T19:00:52.043+0000] {local_task_job_runner.py:120} INFO - ::group::Pre task execution logs
[2024-07-18T19:00:52.068+0000] {taskinstance.py:2076} INFO - Dependencies all met for dep_context=non-requeueable deps ti=<TaskInstance: run_fill_procedure.fill_dm_account_turnover manual__2024-07-18T19:00:33.224079+00:00 [queued]>
[2024-07-18T19:00:52.077+0000] {taskinstance.py:2076} INFO - Dependencies all met for dep_context=requeueable deps ti=<TaskInstance: run_fill_procedure.fill_dm_account_turnover manual__2024-07-18T19:00:33.224079+00:00 [queued]>
[2024-07-18T19:00:52.078+0000] {taskinstance.py:2306} INFO - Starting attempt 1 of 2
[2024-07-18T19:00:52.090+0000] {taskinstance.py:2330} INFO - Executing <Task(PythonOperator): fill_dm_account_turnover> on 2024-07-18 19:00:33.224079+00:00
[2024-07-18T19:00:52.096+0000] {standard_task_runner.py:90} INFO - Running: ['***', 'tasks', 'run', 'run_fill_procedure', 'fill_dm_account_turnover', 'manual__2024-07-18T19:00:33.224079+00:00', '--job-id', '482', '--raw', '--subdir', 'DAGS_FOLDER/create_and_fill_proc.py', '--cfg-path', '/tmp/tmp6n2utq0l']
[2024-07-18T19:00:52.099+0000] {standard_task_runner.py:91} INFO - Job 482: Subtask fill_dm_account_turnover
[2024-07-18T19:00:52.108+0000] {logging_mixin.py:188} WARNING - /home/***/.local/lib/python3.12/site-packages/***/task/task_runner/standard_task_runner.py:61 DeprecationWarning: This process (pid=12115) is multi-threaded, use of fork() may lead to deadlocks in the child.
[2024-07-18T19:00:52.109+0000] {standard_task_runner.py:63} INFO - Started process 12116 to run task
[2024-07-18T19:00:52.148+0000] {task_command.py:426} INFO - Running <TaskInstance: run_fill_procedure.fill_dm_account_turnover manual__2024-07-18T19:00:33.224079+00:00 [running]> on host 7c7e02e57379
[2024-07-18T19:00:52.247+0000] {taskinstance.py:2648} INFO - Exporting env vars: AIRFLOW_CTX_DAG_OWNER='***' AIRFLOW_CTX_DAG_ID='run_fill_procedure' AIRFLOW_CTX_TASK_ID='fill_dm_account_turnover' AIRFLOW_CTX_EXECUTION_DATE='2024-07-18T19:00:33.224079+00:00' AIRFLOW_CTX_TRY_NUMBER='1' AIRFLOW_CTX_DAG_RUN_ID='manual__2024-07-18T19:00:33.224079+00:00'
[2024-07-18T19:00:52.248+0000] {taskinstance.py:430} INFO - ::endgroup::
[2024-07-18T19:00:52.280+0000] {base.py:84} INFO - Using connection ID 'postgres_default' for task execution.
[2024-07-18T19:00:52.289+0000] {taskinstance.py:441} INFO - ::group::Post task execution logs
[2024-07-18T19:00:52.296+0000] {taskinstance.py:2905} ERROR - Task failed with exception
Traceback (most recent call last):
  File "/home/airflow/.local/lib/python3.12/site-packages/airflow/models/taskinstance.py", line 465, in _execute_task
    result = _execute_callable(context=context, **execute_callable_kwargs)
             ^^^^^^^^^^^^^^^^^^^^^^^^^^^^^^^^^^^^^^^^^^^^^^^^^^^^^^^^^^^^^
  File "/home/airflow/.local/lib/python3.12/site-packages/airflow/models/taskinstance.py", line 432, in _execute_callable
    return execute_callable(context=context, **execute_callable_kwargs)
           ^^^^^^^^^^^^^^^^^^^^^^^^^^^^^^^^^^^^^^^^^^^^^^^^^^^^^^^^^^^^
  File "/home/airflow/.local/lib/python3.12/site-packages/airflow/models/baseoperator.py", line 401, in wrapper
    return func(self, *args, **kwargs)
           ^^^^^^^^^^^^^^^^^^^^^^^^^^^
  File "/home/airflow/.local/lib/python3.12/site-packages/airflow/operators/python.py", line 235, in execute
    return_value = self.execute_callable()
                   ^^^^^^^^^^^^^^^^^^^^^^^
  File "/home/airflow/.local/lib/python3.12/site-packages/airflow/operators/python.py", line 252, in execute_callable
    return self.python_callable(*self.op_args, **self.op_kwargs)
           ^^^^^^^^^^^^^^^^^^^^^^^^^^^^^^^^^^^^^^^^^^^^^^^^^^^^^
  File "/opt/airflow/dags/create_and_fill_proc.py", line 144, in fill_dm_account_turnover
    cursor.execute(sql, (start_time))
TypeError: 'datetime.datetime' object does not support indexing
[2024-07-18T19:00:52.325+0000] {taskinstance.py:1206} INFO - Marking task as UP_FOR_RETRY. dag_id=run_fill_procedure, task_id=fill_dm_account_turnover, run_id=manual__2024-07-18T19:00:33.224079+00:00, execution_date=20240718T190033, start_date=20240718T190052, end_date=20240718T190052
[2024-07-18T19:00:52.350+0000] {standard_task_runner.py:110} ERROR - Failed to execute job 482 for task fill_dm_account_turnover ('datetime.datetime' object does not support indexing; 12116)
[2024-07-18T19:00:52.392+0000] {local_task_job_runner.py:240} INFO - Task exited with return code 1
[2024-07-18T19:00:52.405+0000] {logging_mixin.py:188} WARNING - /home/***/.local/lib/python3.12/site-packages/***/models/baseoperator.py:1297 AirflowProviderDeprecationWarning: Call to deprecated class PostgresOperator. (Please use `***.providers.common.sql.operators.sql.SQLExecuteQueryOperator`.Also, you can provide `hook_params={'schema': <database>}`.)
[2024-07-18T19:00:52.424+0000] {taskinstance.py:3503} INFO - 0 downstream tasks scheduled from follow-on schedule check
[2024-07-18T19:00:52.428+0000] {local_task_job_runner.py:222} INFO - ::endgroup::
