[2024-07-17T12:17:39.846+0000] {local_task_job_runner.py:120} INFO - ::group::Pre task execution logs
[2024-07-17T12:17:39.877+0000] {taskinstance.py:2076} INFO - Dependencies all met for dep_context=non-requeueable deps ti=<TaskInstance: csv_to_pgsql.extract_and_load_process manual__2024-07-17T12:17:30.472119+00:00 [queued]>
[2024-07-17T12:17:39.887+0000] {taskinstance.py:2076} INFO - Dependencies all met for dep_context=requeueable deps ti=<TaskInstance: csv_to_pgsql.extract_and_load_process manual__2024-07-17T12:17:30.472119+00:00 [queued]>
[2024-07-17T12:17:39.888+0000] {taskinstance.py:2306} INFO - Starting attempt 1 of 2
[2024-07-17T12:17:39.902+0000] {taskinstance.py:2330} INFO - Executing <Task(PythonOperator): extract_and_load_process> on 2024-07-17 12:17:30.472119+00:00
[2024-07-17T12:17:39.910+0000] {standard_task_runner.py:90} INFO - Running: ['***', 'tasks', 'run', 'csv_to_pgsql', 'extract_and_load_process', 'manual__2024-07-17T12:17:30.472119+00:00', '--job-id', '374', '--raw', '--subdir', 'DAGS_FOLDER/from_csv_to_pgsql.py', '--cfg-path', '/tmp/tmpwxeycicd']
[2024-07-17T12:17:39.913+0000] {logging_mixin.py:188} WARNING - /home/***/.local/lib/python3.12/site-packages/***/task/task_runner/standard_task_runner.py:61 DeprecationWarning: This process (pid=2289) is multi-threaded, use of fork() may lead to deadlocks in the child.
[2024-07-17T12:17:39.913+0000] {standard_task_runner.py:91} INFO - Job 374: Subtask extract_and_load_process
[2024-07-17T12:17:39.914+0000] {standard_task_runner.py:63} INFO - Started process 2290 to run task
[2024-07-17T12:17:39.962+0000] {task_command.py:426} INFO - Running <TaskInstance: csv_to_pgsql.extract_and_load_process manual__2024-07-17T12:17:30.472119+00:00 [running]> on host 77e6c655c0d2
[2024-07-17T12:17:40.052+0000] {taskinstance.py:2648} INFO - Exporting env vars: AIRFLOW_CTX_DAG_OWNER='***' AIRFLOW_CTX_DAG_ID='csv_to_pgsql' AIRFLOW_CTX_TASK_ID='extract_and_load_process' AIRFLOW_CTX_EXECUTION_DATE='2024-07-17T12:17:30.472119+00:00' AIRFLOW_CTX_TRY_NUMBER='1' AIRFLOW_CTX_DAG_RUN_ID='manual__2024-07-17T12:17:30.472119+00:00'
[2024-07-17T12:17:40.053+0000] {taskinstance.py:430} INFO - ::endgroup::
[2024-07-17T12:17:48.121+0000] {base.py:84} INFO - Using connection ID 'postgres_default' for task execution.
[2024-07-17T12:17:51.506+0000] {base.py:84} INFO - Using connection ID 'postgres_default' for task execution.
[2024-07-17T12:17:54.203+0000] {base.py:84} INFO - Using connection ID 'postgres_default' for task execution.
[2024-07-17T12:17:55.828+0000] {base.py:84} INFO - Using connection ID 'postgres_default' for task execution.
[2024-07-17T12:17:56.647+0000] {base.py:84} INFO - Using connection ID 'postgres_default' for task execution.
[2024-07-17T12:17:57.306+0000] {base.py:84} INFO - Using connection ID 'postgres_default' for task execution.
[2024-07-17T12:17:57.483+0000] {taskinstance.py:441} INFO - ::group::Post task execution logs
[2024-07-17T12:17:57.485+0000] {taskinstance.py:2905} ERROR - Task failed with exception
Traceback (most recent call last):
  File "/home/airflow/.local/lib/python3.12/site-packages/airflow/models/taskinstance.py", line 465, in _execute_task
    result = _execute_callable(context=context, **execute_callable_kwargs)
             ^^^^^^^^^^^^^^^^^^^^^^^^^^^^^^^^^^^^^^^^^^^^^^^^^^^^^^^^^^^^^
  File "/home/airflow/.local/lib/python3.12/site-packages/airflow/models/taskinstance.py", line 432, in _execute_callable
    return execute_callable(context=context, **execute_callable_kwargs)
           ^^^^^^^^^^^^^^^^^^^^^^^^^^^^^^^^^^^^^^^^^^^^^^^^^^^^^^^^^^^^
  File "/home/airflow/.local/lib/python3.12/site-packages/airflow/models/baseoperator.py", line 401, in wrapper
    return func(self, *args, **kwargs)
           ^^^^^^^^^^^^^^^^^^^^^^^^^^^
  File "/home/airflow/.local/lib/python3.12/site-packages/airflow/operators/python.py", line 235, in execute
    return_value = self.execute_callable()
                   ^^^^^^^^^^^^^^^^^^^^^^^
  File "/home/airflow/.local/lib/python3.12/site-packages/airflow/operators/python.py", line 252, in execute_callable
    return self.python_callable(*self.op_args, **self.op_kwargs)
           ^^^^^^^^^^^^^^^^^^^^^^^^^^^^^^^^^^^^^^^^^^^^^^^^^^^^^
  File "/opt/airflow/dags/from_csv_to_pgsql.py", line 129, in extract_and_load_task
    df.write.jdbc(url=postgres_uri, table=f'ds.{file_name}', mode="append", properties=properties)
  File "/home/airflow/.local/lib/python3.12/site-packages/pyspark/sql/readwriter.py", line 1984, in jdbc
    self.mode(mode)._jwrite.jdbc(url, table, jprop)
  File "/home/airflow/.local/lib/python3.12/site-packages/py4j/java_gateway.py", line 1322, in __call__
    return_value = get_return_value(
                   ^^^^^^^^^^^^^^^^^
  File "/home/airflow/.local/lib/python3.12/site-packages/pyspark/errors/exceptions/captured.py", line 185, in deco
    raise converted from None
pyspark.errors.exceptions.captured.AnalysisException: Column SEBSECTION_NAME not found in schema Some(StructType(StructField(chapter,StringType,true),StructField(chapter_name,StringType,true),StructField(section_number,IntegerType,true),StructField(section_name,StringType,true),StructField(subsection_name,StringType,true),StructField(ledger1_account,IntegerType,true),StructField(ledger1_account_name,StringType,true),StructField(ledger_account,IntegerType,false),StructField(ledger_account_name,StringType,true),StructField(characteristic,StringType,true),StructField(is_resident,IntegerType,true),StructField(is_reserve,IntegerType,true),StructField(is_reserved,IntegerType,true),StructField(is_loan,IntegerType,true),StructField(is_reserved_assets,IntegerType,true),StructField(is_overdue,IntegerType,true),StructField(is_interest,IntegerType,true),StructField(pair_account,StringType,true),StructField(start_date,DateType,false),StructField(end_date,DateType,true),StructField(is_rub_only,IntegerType,true),StructField(min_term,StringType,true),StructField(min_term_measure,StringType,true),StructField(max_term,StringType,true),StructField(max_term_measure,StringType,true),StructField(ledger_acc_full_name_translit,StringType,true),StructField(is_revaluation,StringType,true),StructField(is_correct,StringType,true))).
[2024-07-17T12:17:57.512+0000] {taskinstance.py:1206} INFO - Marking task as UP_FOR_RETRY. dag_id=csv_to_pgsql, task_id=extract_and_load_process, run_id=manual__2024-07-17T12:17:30.472119+00:00, execution_date=20240717T121730, start_date=20240717T121739, end_date=20240717T121757
[2024-07-17T12:17:57.525+0000] {standard_task_runner.py:110} ERROR - Failed to execute job 374 for task extract_and_load_process (Column SEBSECTION_NAME not found in schema Some(StructType(StructField(chapter,StringType,true),StructField(chapter_name,StringType,true),StructField(section_number,IntegerType,true),StructField(section_name,StringType,true),StructField(subsection_name,StringType,true),StructField(ledger1_account,IntegerType,true),StructField(ledger1_account_name,StringType,true),StructField(ledger_account,IntegerType,false),StructField(ledger_account_name,StringType,true),StructField(characteristic,StringType,true),StructField(is_resident,IntegerType,true),StructField(is_reserve,IntegerType,true),StructField(is_reserved,IntegerType,true),StructField(is_loan,IntegerType,true),StructField(is_reserved_assets,IntegerType,true),StructField(is_overdue,IntegerType,true),StructField(is_interest,IntegerType,true),StructField(pair_account,StringType,true),StructField(start_date,DateType,false),StructField(end_date,DateType,true),StructField(is_rub_only,IntegerType,true),StructField(min_term,StringType,true),StructField(min_term_measure,StringType,true),StructField(max_term,StringType,true),StructField(max_term_measure,StringType,true),StructField(ledger_acc_full_name_translit,StringType,true),StructField(is_revaluation,StringType,true),StructField(is_correct,StringType,true))).; 2290)
[2024-07-17T12:17:57.575+0000] {local_task_job_runner.py:240} INFO - Task exited with return code 1
[2024-07-17T12:17:57.610+0000] {taskinstance.py:3503} INFO - 0 downstream tasks scheduled from follow-on schedule check
[2024-07-17T12:17:57.614+0000] {local_task_job_runner.py:222} INFO - ::endgroup::
