[2024-07-19T14:52:09.227+0000] {local_task_job_runner.py:120} INFO - ::group::Pre task execution logs
[2024-07-19T14:52:09.262+0000] {taskinstance.py:2076} INFO - Dependencies all met for dep_context=non-requeueable deps ti=<TaskInstance: from_csv_to_pgsql.extract_and_load_process manual__2024-07-19T14:52:00.910949+00:00 [queued]>
[2024-07-19T14:52:09.277+0000] {taskinstance.py:2076} INFO - Dependencies all met for dep_context=requeueable deps ti=<TaskInstance: from_csv_to_pgsql.extract_and_load_process manual__2024-07-19T14:52:00.910949+00:00 [queued]>
[2024-07-19T14:52:09.278+0000] {taskinstance.py:2306} INFO - Starting attempt 1 of 2
[2024-07-19T14:52:09.297+0000] {taskinstance.py:2330} INFO - Executing <Task(PythonOperator): extract_and_load_process> on 2024-07-19 14:52:00.910949+00:00
[2024-07-19T14:52:09.311+0000] {standard_task_runner.py:90} INFO - Running: ['***', 'tasks', 'run', 'from_csv_to_pgsql', 'extract_and_load_process', 'manual__2024-07-19T14:52:00.910949+00:00', '--job-id', '575', '--raw', '--subdir', 'DAGS_FOLDER/from_csv_to_pgsql.py', '--cfg-path', '/tmp/tmpe126vgok']
[2024-07-19T14:52:09.313+0000] {standard_task_runner.py:91} INFO - Job 575: Subtask extract_and_load_process
[2024-07-19T14:52:09.322+0000] {logging_mixin.py:188} WARNING - /home/***/.local/lib/python3.12/site-packages/***/task/task_runner/standard_task_runner.py:61 DeprecationWarning: This process (pid=7128) is multi-threaded, use of fork() may lead to deadlocks in the child.
[2024-07-19T14:52:09.323+0000] {standard_task_runner.py:63} INFO - Started process 7129 to run task
[2024-07-19T14:52:09.370+0000] {task_command.py:426} INFO - Running <TaskInstance: from_csv_to_pgsql.extract_and_load_process manual__2024-07-19T14:52:00.910949+00:00 [running]> on host 7c7e02e57379
[2024-07-19T14:52:09.464+0000] {taskinstance.py:2648} INFO - Exporting env vars: AIRFLOW_CTX_DAG_OWNER='***' AIRFLOW_CTX_DAG_ID='from_csv_to_pgsql' AIRFLOW_CTX_TASK_ID='extract_and_load_process' AIRFLOW_CTX_EXECUTION_DATE='2024-07-19T14:52:00.910949+00:00' AIRFLOW_CTX_TRY_NUMBER='1' AIRFLOW_CTX_DAG_RUN_ID='manual__2024-07-19T14:52:00.910949+00:00'
[2024-07-19T14:52:09.466+0000] {taskinstance.py:430} INFO - ::endgroup::
[2024-07-19T14:52:14.217+0000] {base.py:84} INFO - Using connection ID 'postgres_default' for task execution.
[2024-07-19T14:52:17.370+0000] {base.py:84} INFO - Using connection ID 'postgres_default' for task execution.
[2024-07-19T14:52:19.595+0000] {base.py:84} INFO - Using connection ID 'postgres_default' for task execution.
[2024-07-19T14:52:21.094+0000] {base.py:84} INFO - Using connection ID 'postgres_default' for task execution.
[2024-07-19T14:52:21.736+0000] {base.py:84} INFO - Using connection ID 'postgres_default' for task execution.
[2024-07-19T14:52:22.556+0000] {base.py:84} INFO - Using connection ID 'postgres_default' for task execution.
[2024-07-19T14:52:23.537+0000] {python.py:237} INFO - Done. Returned value was: None
[2024-07-19T14:52:23.538+0000] {taskinstance.py:441} INFO - ::group::Post task execution logs
[2024-07-19T14:52:23.550+0000] {taskinstance.py:1206} INFO - Marking task as SUCCESS. dag_id=from_csv_to_pgsql, task_id=extract_and_load_process, run_id=manual__2024-07-19T14:52:00.910949+00:00, execution_date=20240719T145200, start_date=20240719T145209, end_date=20240719T145223
[2024-07-19T14:52:23.591+0000] {local_task_job_runner.py:240} INFO - Task exited with return code 0
[2024-07-19T14:52:23.614+0000] {taskinstance.py:3503} INFO - 1 downstream tasks scheduled from follow-on schedule check
[2024-07-19T14:52:23.618+0000] {local_task_job_runner.py:222} INFO - ::endgroup::
