[2024-07-18T19:40:32.986+0000] {local_task_job_runner.py:120} INFO - ::group::Pre task execution logs
[2024-07-18T19:40:33.016+0000] {taskinstance.py:2076} INFO - Dependencies all met for dep_context=non-requeueable deps ti=<TaskInstance: run_fill_procedure.fill_dm_account_balance_f manual__2024-07-18T19:40:11.379675+00:00 [queued]>
[2024-07-18T19:40:33.025+0000] {taskinstance.py:2076} INFO - Dependencies all met for dep_context=requeueable deps ti=<TaskInstance: run_fill_procedure.fill_dm_account_balance_f manual__2024-07-18T19:40:11.379675+00:00 [queued]>
[2024-07-18T19:40:33.029+0000] {taskinstance.py:2306} INFO - Starting attempt 1 of 2
[2024-07-18T19:40:33.043+0000] {taskinstance.py:2330} INFO - Executing <Task(PythonOperator): fill_dm_account_balance_f> on 2024-07-18 19:40:11.379675+00:00
[2024-07-18T19:40:33.051+0000] {standard_task_runner.py:90} INFO - Running: ['***', 'tasks', 'run', 'run_fill_procedure', 'fill_dm_account_balance_f', 'manual__2024-07-18T19:40:11.379675+00:00', '--job-id', '506', '--raw', '--subdir', 'DAGS_FOLDER/create_and_fill_proc.py', '--cfg-path', '/tmp/tmpfkjf5kad']
[2024-07-18T19:40:33.053+0000] {standard_task_runner.py:91} INFO - Job 506: Subtask fill_dm_account_balance_f
[2024-07-18T19:40:33.070+0000] {logging_mixin.py:188} WARNING - /home/***/.local/lib/python3.12/site-packages/***/task/task_runner/standard_task_runner.py:61 DeprecationWarning: This process (pid=14406) is multi-threaded, use of fork() may lead to deadlocks in the child.
[2024-07-18T19:40:33.071+0000] {standard_task_runner.py:63} INFO - Started process 14407 to run task
[2024-07-18T19:40:33.090+0000] {task_command.py:426} INFO - Running <TaskInstance: run_fill_procedure.fill_dm_account_balance_f manual__2024-07-18T19:40:11.379675+00:00 [running]> on host 7c7e02e57379
[2024-07-18T19:40:33.158+0000] {taskinstance.py:2648} INFO - Exporting env vars: AIRFLOW_CTX_DAG_OWNER='***' AIRFLOW_CTX_DAG_ID='run_fill_procedure' AIRFLOW_CTX_TASK_ID='fill_dm_account_balance_f' AIRFLOW_CTX_EXECUTION_DATE='2024-07-18T19:40:11.379675+00:00' AIRFLOW_CTX_TRY_NUMBER='1' AIRFLOW_CTX_DAG_RUN_ID='manual__2024-07-18T19:40:11.379675+00:00'
[2024-07-18T19:40:33.159+0000] {taskinstance.py:430} INFO - ::endgroup::
[2024-07-18T19:40:33.175+0000] {base.py:84} INFO - Using connection ID 'postgres_default' for task execution.
[2024-07-18T19:40:33.184+0000] {base.py:84} INFO - Using connection ID 'postgres_default' for task execution.
[2024-07-18T19:40:33.198+0000] {base.py:84} INFO - Using connection ID 'postgres_default' for task execution.
[2024-07-18T19:40:33.234+0000] {python.py:237} INFO - Done. Returned value was: None
[2024-07-18T19:40:33.235+0000] {taskinstance.py:441} INFO - ::group::Post task execution logs
[2024-07-18T19:40:33.243+0000] {taskinstance.py:1206} INFO - Marking task as SUCCESS. dag_id=run_fill_procedure, task_id=fill_dm_account_balance_f, run_id=manual__2024-07-18T19:40:11.379675+00:00, execution_date=20240718T194011, start_date=20240718T194033, end_date=20240718T194033
[2024-07-18T19:40:33.276+0000] {local_task_job_runner.py:240} INFO - Task exited with return code 0
[2024-07-18T19:40:33.294+0000] {taskinstance.py:3503} INFO - 1 downstream tasks scheduled from follow-on schedule check
[2024-07-18T19:40:33.297+0000] {local_task_job_runner.py:222} INFO - ::endgroup::
