[2024-07-19T20:02:57.158+0000] {local_task_job_runner.py:120} INFO - ::group::Pre task execution logs
[2024-07-19T20:02:57.191+0000] {taskinstance.py:2076} INFO - Dependencies all met for dep_context=non-requeueable deps ti=<TaskInstance: extract_and_load.save_to_pg scheduled__2024-07-16T00:00:00+00:00 [queued]>
[2024-07-19T20:02:57.200+0000] {taskinstance.py:2076} INFO - Dependencies all met for dep_context=requeueable deps ti=<TaskInstance: extract_and_load.save_to_pg scheduled__2024-07-16T00:00:00+00:00 [queued]>
[2024-07-19T20:02:57.201+0000] {taskinstance.py:2306} INFO - Starting attempt 1 of 2
[2024-07-19T20:02:57.218+0000] {taskinstance.py:2330} INFO - Executing <Task(PythonOperator): save_to_pg> on 2024-07-16 00:00:00+00:00
[2024-07-19T20:02:57.225+0000] {standard_task_runner.py:90} INFO - Running: ['***', 'tasks', 'run', 'extract_and_load', 'save_to_pg', 'scheduled__2024-07-16T00:00:00+00:00', '--job-id', '651', '--raw', '--subdir', 'DAGS_FOLDER/extract_and_load.py', '--cfg-path', '/tmp/tmpqvj23f3r']
[2024-07-19T20:02:57.228+0000] {standard_task_runner.py:91} INFO - Job 651: Subtask save_to_pg
[2024-07-19T20:02:57.264+0000] {logging_mixin.py:188} WARNING - /home/***/.local/lib/python3.12/site-packages/***/task/task_runner/standard_task_runner.py:61 DeprecationWarning: This process (pid=21246) is multi-threaded, use of fork() may lead to deadlocks in the child.
[2024-07-19T20:02:57.265+0000] {standard_task_runner.py:63} INFO - Started process 21249 to run task
[2024-07-19T20:02:57.291+0000] {task_command.py:426} INFO - Running <TaskInstance: extract_and_load.save_to_pg scheduled__2024-07-16T00:00:00+00:00 [running]> on host 7c7e02e57379
[2024-07-19T20:02:57.376+0000] {taskinstance.py:2648} INFO - Exporting env vars: AIRFLOW_CTX_DAG_OWNER='***' AIRFLOW_CTX_DAG_ID='extract_and_load' AIRFLOW_CTX_TASK_ID='save_to_pg' AIRFLOW_CTX_EXECUTION_DATE='2024-07-16T00:00:00+00:00' AIRFLOW_CTX_TRY_NUMBER='1' AIRFLOW_CTX_DAG_RUN_ID='scheduled__2024-07-16T00:00:00+00:00'
[2024-07-19T20:02:57.377+0000] {taskinstance.py:430} INFO - ::endgroup::
[2024-07-19T20:03:07.676+0000] {taskinstance.py:441} INFO - ::group::Post task execution logs
[2024-07-19T20:03:07.683+0000] {taskinstance.py:2905} ERROR - Task failed with exception
Traceback (most recent call last):
  File "/home/airflow/.local/lib/python3.12/site-packages/airflow/models/taskinstance.py", line 465, in _execute_task
    result = _execute_callable(context=context, **execute_callable_kwargs)
             ^^^^^^^^^^^^^^^^^^^^^^^^^^^^^^^^^^^^^^^^^^^^^^^^^^^^^^^^^^^^^
  File "/home/airflow/.local/lib/python3.12/site-packages/airflow/models/taskinstance.py", line 432, in _execute_callable
    return execute_callable(context=context, **execute_callable_kwargs)
           ^^^^^^^^^^^^^^^^^^^^^^^^^^^^^^^^^^^^^^^^^^^^^^^^^^^^^^^^^^^^
  File "/home/airflow/.local/lib/python3.12/site-packages/airflow/models/baseoperator.py", line 401, in wrapper
    return func(self, *args, **kwargs)
           ^^^^^^^^^^^^^^^^^^^^^^^^^^^
  File "/home/airflow/.local/lib/python3.12/site-packages/airflow/operators/python.py", line 235, in execute
    return_value = self.execute_callable()
                   ^^^^^^^^^^^^^^^^^^^^^^^
  File "/home/airflow/.local/lib/python3.12/site-packages/airflow/operators/python.py", line 252, in execute_callable
    return self.python_callable(*self.op_args, **self.op_kwargs)
           ^^^^^^^^^^^^^^^^^^^^^^^^^^^^^^^^^^^^^^^^^^^^^^^^^^^^^
  File "/opt/airflow/dags/extract_and_load.py", line 35, in extract_from_pg_and_to_pg
    df.write.option("header", "true").csv(output_path)
  File "/home/airflow/.local/lib/python3.12/site-packages/pyspark/sql/readwriter.py", line 1864, in csv
    self._jwrite.csv(path)
  File "/home/airflow/.local/lib/python3.12/site-packages/py4j/java_gateway.py", line 1322, in __call__
    return_value = get_return_value(
                   ^^^^^^^^^^^^^^^^^
  File "/home/airflow/.local/lib/python3.12/site-packages/pyspark/errors/exceptions/captured.py", line 185, in deco
    raise converted from None
pyspark.errors.exceptions.captured.AnalysisException: [PATH_ALREADY_EXISTS] Path file:/opt/airflow/files/dm_f101_round_f.csv already exists. Set mode as "overwrite" to overwrite the existing path.
[2024-07-19T20:03:07.739+0000] {taskinstance.py:1206} INFO - Marking task as UP_FOR_RETRY. dag_id=extract_and_load, task_id=save_to_pg, run_id=scheduled__2024-07-16T00:00:00+00:00, execution_date=20240716T000000, start_date=20240719T200257, end_date=20240719T200307
[2024-07-19T20:03:07.762+0000] {standard_task_runner.py:110} ERROR - Failed to execute job 651 for task save_to_pg ([PATH_ALREADY_EXISTS] Path file:/opt/airflow/files/dm_f101_round_f.csv already exists. Set mode as "overwrite" to overwrite the existing path.; 21249)
[2024-07-19T20:03:07.822+0000] {local_task_job_runner.py:240} INFO - Task exited with return code 1
[2024-07-19T20:03:07.850+0000] {taskinstance.py:3503} INFO - 0 downstream tasks scheduled from follow-on schedule check
[2024-07-19T20:03:07.854+0000] {local_task_job_runner.py:222} INFO - ::endgroup::
