[2024-07-18T16:06:53.526+0000] {local_task_job_runner.py:120} INFO - ::group::Pre task execution logs
[2024-07-18T16:06:53.551+0000] {taskinstance.py:2076} INFO - Dependencies all met for dep_context=non-requeueable deps ti=<TaskInstance: run_fill_procedure.extract_and_load_process manual__2024-07-18T16:06:46.389079+00:00 [queued]>
[2024-07-18T16:06:53.560+0000] {taskinstance.py:2076} INFO - Dependencies all met for dep_context=requeueable deps ti=<TaskInstance: run_fill_procedure.extract_and_load_process manual__2024-07-18T16:06:46.389079+00:00 [queued]>
[2024-07-18T16:06:53.561+0000] {taskinstance.py:2306} INFO - Starting attempt 1 of 2
[2024-07-18T16:06:53.573+0000] {taskinstance.py:2330} INFO - Executing <Task(PythonOperator): extract_and_load_process> on 2024-07-18 16:06:46.389079+00:00
[2024-07-18T16:06:53.580+0000] {standard_task_runner.py:90} INFO - Running: ['***', 'tasks', 'run', 'run_fill_procedure', 'extract_and_load_process', 'manual__2024-07-18T16:06:46.389079+00:00', '--job-id', '455', '--raw', '--subdir', 'DAGS_FOLDER/create_and_fill_proc.py', '--cfg-path', '/tmp/tmpdbykyvvn']
[2024-07-18T16:06:53.582+0000] {standard_task_runner.py:91} INFO - Job 455: Subtask extract_and_load_process
[2024-07-18T16:06:53.584+0000] {logging_mixin.py:188} WARNING - /home/***/.local/lib/python3.12/site-packages/***/task/task_runner/standard_task_runner.py:61 DeprecationWarning: This process (pid=6985) is multi-threaded, use of fork() may lead to deadlocks in the child.
[2024-07-18T16:06:53.585+0000] {standard_task_runner.py:63} INFO - Started process 6986 to run task
[2024-07-18T16:06:53.625+0000] {task_command.py:426} INFO - Running <TaskInstance: run_fill_procedure.extract_and_load_process manual__2024-07-18T16:06:46.389079+00:00 [running]> on host 7c7e02e57379
[2024-07-18T16:06:53.694+0000] {taskinstance.py:2648} INFO - Exporting env vars: AIRFLOW_CTX_DAG_OWNER='***' AIRFLOW_CTX_DAG_ID='run_fill_procedure' AIRFLOW_CTX_TASK_ID='extract_and_load_process' AIRFLOW_CTX_EXECUTION_DATE='2024-07-18T16:06:46.389079+00:00' AIRFLOW_CTX_TRY_NUMBER='1' AIRFLOW_CTX_DAG_RUN_ID='manual__2024-07-18T16:06:46.389079+00:00'
[2024-07-18T16:06:53.696+0000] {taskinstance.py:430} INFO - ::endgroup::
[2024-07-18T16:06:57.493+0000] {base.py:84} INFO - Using connection ID 'postgres_default' for task execution.
[2024-07-18T16:06:59.076+0000] {base.py:84} INFO - Using connection ID 'postgres_default' for task execution.
[2024-07-18T16:07:00.189+0000] {base.py:84} INFO - Using connection ID 'postgres_default' for task execution.
[2024-07-18T16:07:01.191+0000] {base.py:84} INFO - Using connection ID 'postgres_default' for task execution.
[2024-07-18T16:07:01.486+0000] {base.py:84} INFO - Using connection ID 'postgres_default' for task execution.
[2024-07-18T16:07:02.407+0000] {base.py:84} INFO - Using connection ID 'postgres_default' for task execution.
[2024-07-18T16:07:02.794+0000] {python.py:237} INFO - Done. Returned value was: None
[2024-07-18T16:07:02.796+0000] {taskinstance.py:441} INFO - ::group::Post task execution logs
[2024-07-18T16:07:02.809+0000] {taskinstance.py:1206} INFO - Marking task as SUCCESS. dag_id=run_fill_procedure, task_id=extract_and_load_process, run_id=manual__2024-07-18T16:06:46.389079+00:00, execution_date=20240718T160646, start_date=20240718T160653, end_date=20240718T160702
[2024-07-18T16:07:02.871+0000] {local_task_job_runner.py:240} INFO - Task exited with return code 0
[2024-07-18T16:07:02.881+0000] {logging_mixin.py:188} WARNING - /home/***/.local/lib/python3.12/site-packages/***/models/baseoperator.py:1297 AirflowProviderDeprecationWarning: Call to deprecated class PostgresOperator. (Please use `***.providers.common.sql.operators.sql.SQLExecuteQueryOperator`.Also, you can provide `hook_params={'schema': <database>}`.)
[2024-07-18T16:07:02.894+0000] {taskinstance.py:3503} INFO - 1 downstream tasks scheduled from follow-on schedule check
[2024-07-18T16:07:02.898+0000] {local_task_job_runner.py:222} INFO - ::endgroup::
