[2024-07-19T14:07:14.336+0000] {local_task_job_runner.py:120} INFO - ::group::Pre task execution logs
[2024-07-19T14:07:14.360+0000] {taskinstance.py:2076} INFO - Dependencies all met for dep_context=non-requeueable deps ti=<TaskInstance: run_fill_f_101_round_f.fill_31_12_2017 manual__2024-07-19T14:06:27.073247+00:00 [queued]>
[2024-07-19T14:07:14.366+0000] {taskinstance.py:2076} INFO - Dependencies all met for dep_context=requeueable deps ti=<TaskInstance: run_fill_f_101_round_f.fill_31_12_2017 manual__2024-07-19T14:06:27.073247+00:00 [queued]>
[2024-07-19T14:07:14.367+0000] {taskinstance.py:2306} INFO - Starting attempt 1 of 2
[2024-07-19T14:07:14.379+0000] {taskinstance.py:2330} INFO - Executing <Task(PostgresOperator): fill_31_12_2017> on 2024-07-19 14:06:27.073247+00:00
[2024-07-19T14:07:14.385+0000] {standard_task_runner.py:90} INFO - Running: ['***', 'tasks', 'run', 'run_fill_f_101_round_f', 'fill_31_12_2017', 'manual__2024-07-19T14:06:27.073247+00:00', '--job-id', '550', '--raw', '--subdir', 'DAGS_FOLDER/сreate_and_fill_f101_round_f.py', '--cfg-path', '/tmp/tmpqe8vxx9f']
[2024-07-19T14:07:14.387+0000] {standard_task_runner.py:91} INFO - Job 550: Subtask fill_31_12_2017
[2024-07-19T14:07:14.389+0000] {logging_mixin.py:188} WARNING - /home/***/.local/lib/python3.12/site-packages/***/task/task_runner/standard_task_runner.py:61 DeprecationWarning: This process (pid=3018) is multi-threaded, use of fork() may lead to deadlocks in the child.
[2024-07-19T14:07:14.390+0000] {standard_task_runner.py:63} INFO - Started process 3019 to run task
[2024-07-19T14:07:14.426+0000] {task_command.py:426} INFO - Running <TaskInstance: run_fill_f_101_round_f.fill_31_12_2017 manual__2024-07-19T14:06:27.073247+00:00 [running]> on host 7c7e02e57379
[2024-07-19T14:07:14.493+0000] {taskinstance.py:2648} INFO - Exporting env vars: AIRFLOW_CTX_DAG_OWNER='***' AIRFLOW_CTX_DAG_ID='run_fill_f_101_round_f' AIRFLOW_CTX_TASK_ID='fill_31_12_2017' AIRFLOW_CTX_EXECUTION_DATE='2024-07-19T14:06:27.073247+00:00' AIRFLOW_CTX_TRY_NUMBER='1' AIRFLOW_CTX_DAG_RUN_ID='manual__2024-07-19T14:06:27.073247+00:00'
[2024-07-19T14:07:14.494+0000] {taskinstance.py:430} INFO - ::endgroup::
[2024-07-19T14:07:14.504+0000] {sql.py:276} INFO - Executing: 
    truncate table dm.dm_account_balance_f;
    insert into dm.dm_account_balance_f (on_date, account_rk, balance_out, balance_out_rub)
    select 
        '2017-12-31' as on_date,
        account_rk,
        balance_out,
        balance_out * coalesce(er.reduced_cource, 1) as balance_out_rub
    from ds.ft_balance_f bf
    left join ds.md_exchange_rate_d er on er.currency_rk = bf.currency_rk and er.data_actual_date = '2017-12-31';
    
[2024-07-19T14:07:14.512+0000] {base.py:84} INFO - Using connection ID 'postgres_default' for task execution.
[2024-07-19T14:07:14.535+0000] {base.py:84} INFO - Using connection ID 'postgres_default' for task execution.
[2024-07-19T14:07:14.539+0000] {sql.py:487} INFO - Running statement: 
    truncate table dm.dm_account_balance_f;
    insert into dm.dm_account_balance_f (on_date, account_rk, balance_out, balance_out_rub)
    select 
        '2017-12-31' as on_date,
        account_rk,
        balance_out,
        balance_out * coalesce(er.reduced_cource, 1) as balance_out_rub
    from ds.ft_balance_f bf
    left join ds.md_exchange_rate_d er on er.currency_rk = bf.currency_rk and er.data_actual_date = '2017-12-31';
    , parameters: None
[2024-07-19T14:07:14.541+0000] {sql.py:496} INFO - Rows affected: 114
[2024-07-19T14:07:14.544+0000] {taskinstance.py:441} INFO - ::group::Post task execution logs
[2024-07-19T14:07:14.552+0000] {taskinstance.py:1206} INFO - Marking task as SUCCESS. dag_id=run_fill_f_101_round_f, task_id=fill_31_12_2017, run_id=manual__2024-07-19T14:06:27.073247+00:00, execution_date=20240719T140627, start_date=20240719T140714, end_date=20240719T140714
[2024-07-19T14:07:14.564+0000] {local_task_job_runner.py:240} INFO - Task exited with return code 0
[2024-07-19T14:07:14.574+0000] {local_task_job_runner.py:222} INFO - ::endgroup::
