[2024-07-17T13:00:18.017+0000] {local_task_job_runner.py:120} INFO - ::group::Pre task execution logs
[2024-07-17T13:00:18.056+0000] {taskinstance.py:2076} INFO - Dependencies all met for dep_context=non-requeueable deps ti=<TaskInstance: csv_to_pgsql.extract_and_load_process manual__2024-07-17T12:54:49.047908+00:00 [queued]>
[2024-07-17T13:00:18.071+0000] {taskinstance.py:2076} INFO - Dependencies all met for dep_context=requeueable deps ti=<TaskInstance: csv_to_pgsql.extract_and_load_process manual__2024-07-17T12:54:49.047908+00:00 [queued]>
[2024-07-17T13:00:18.073+0000] {taskinstance.py:2306} INFO - Starting attempt 2 of 2
[2024-07-17T13:00:18.103+0000] {taskinstance.py:2330} INFO - Executing <Task(PythonOperator): extract_and_load_process> on 2024-07-17 12:54:49.047908+00:00
[2024-07-17T13:00:18.117+0000] {standard_task_runner.py:90} INFO - Running: ['***', 'tasks', 'run', 'csv_to_pgsql', 'extract_and_load_process', 'manual__2024-07-17T12:54:49.047908+00:00', '--job-id', '384', '--raw', '--subdir', 'DAGS_FOLDER/from_csv_to_pgsql.py', '--cfg-path', '/tmp/tmph3r8pxh4']
[2024-07-17T13:00:18.121+0000] {standard_task_runner.py:91} INFO - Job 384: Subtask extract_and_load_process
[2024-07-17T13:00:18.121+0000] {logging_mixin.py:188} WARNING - /home/***/.local/lib/python3.12/site-packages/***/task/task_runner/standard_task_runner.py:61 DeprecationWarning: This process (pid=4861) is multi-threaded, use of fork() may lead to deadlocks in the child.
[2024-07-17T13:00:18.122+0000] {standard_task_runner.py:63} INFO - Started process 4862 to run task
[2024-07-17T13:00:18.171+0000] {task_command.py:426} INFO - Running <TaskInstance: csv_to_pgsql.extract_and_load_process manual__2024-07-17T12:54:49.047908+00:00 [running]> on host 77e6c655c0d2
[2024-07-17T13:00:18.251+0000] {taskinstance.py:2648} INFO - Exporting env vars: AIRFLOW_CTX_DAG_OWNER='***' AIRFLOW_CTX_DAG_ID='csv_to_pgsql' AIRFLOW_CTX_TASK_ID='extract_and_load_process' AIRFLOW_CTX_EXECUTION_DATE='2024-07-17T12:54:49.047908+00:00' AIRFLOW_CTX_TRY_NUMBER='2' AIRFLOW_CTX_DAG_RUN_ID='manual__2024-07-17T12:54:49.047908+00:00'
[2024-07-17T13:00:18.252+0000] {taskinstance.py:430} INFO - ::endgroup::
[2024-07-17T13:00:22.792+0000] {base.py:84} INFO - Using connection ID 'postgres_default' for task execution.
[2024-07-17T13:00:25.341+0000] {base.py:84} INFO - Using connection ID 'postgres_default' for task execution.
[2024-07-17T13:00:27.448+0000] {base.py:84} INFO - Using connection ID 'postgres_default' for task execution.
[2024-07-17T13:00:28.711+0000] {base.py:84} INFO - Using connection ID 'postgres_default' for task execution.
[2024-07-17T13:00:29.256+0000] {base.py:84} INFO - Using connection ID 'postgres_default' for task execution.
[2024-07-17T13:00:29.764+0000] {base.py:84} INFO - Using connection ID 'postgres_default' for task execution.
[2024-07-17T13:00:30.416+0000] {python.py:237} INFO - Done. Returned value was: None
[2024-07-17T13:00:30.426+0000] {taskinstance.py:441} INFO - ::group::Post task execution logs
[2024-07-17T13:00:30.532+0000] {taskinstance.py:1206} INFO - Marking task as SUCCESS. dag_id=csv_to_pgsql, task_id=extract_and_load_process, run_id=manual__2024-07-17T12:54:49.047908+00:00, execution_date=20240717T125449, start_date=20240717T130018, end_date=20240717T130030
[2024-07-17T13:00:30.688+0000] {local_task_job_runner.py:240} INFO - Task exited with return code 0
[2024-07-17T13:00:30.881+0000] {taskinstance.py:3503} INFO - 1 downstream tasks scheduled from follow-on schedule check
[2024-07-17T13:00:30.890+0000] {local_task_job_runner.py:222} INFO - ::endgroup::
