[2024-07-19T14:28:19.222+0000] {local_task_job_runner.py:120} INFO - ::group::Pre task execution logs
[2024-07-19T14:28:19.248+0000] {taskinstance.py:2076} INFO - Dependencies all met for dep_context=non-requeueable deps ti=<TaskInstance: csv_to_pgsql.extract_and_load_process manual__2024-07-19T14:28:12.277642+00:00 [queued]>
[2024-07-19T14:28:19.258+0000] {taskinstance.py:2076} INFO - Dependencies all met for dep_context=requeueable deps ti=<TaskInstance: csv_to_pgsql.extract_and_load_process manual__2024-07-19T14:28:12.277642+00:00 [queued]>
[2024-07-19T14:28:19.259+0000] {taskinstance.py:2306} INFO - Starting attempt 1 of 2
[2024-07-19T14:28:19.270+0000] {taskinstance.py:2330} INFO - Executing <Task(PythonOperator): extract_and_load_process> on 2024-07-19 14:28:12.277642+00:00
[2024-07-19T14:28:19.276+0000] {standard_task_runner.py:90} INFO - Running: ['***', 'tasks', 'run', 'csv_to_pgsql', 'extract_and_load_process', 'manual__2024-07-19T14:28:12.277642+00:00', '--job-id', '559', '--raw', '--subdir', 'DAGS_FOLDER/from_csv_to_pgsql.py', '--cfg-path', '/tmp/tmp5255ln4q']
[2024-07-19T14:28:19.278+0000] {standard_task_runner.py:91} INFO - Job 559: Subtask extract_and_load_process
[2024-07-19T14:28:19.285+0000] {logging_mixin.py:188} WARNING - /home/***/.local/lib/python3.12/site-packages/***/task/task_runner/standard_task_runner.py:61 DeprecationWarning: This process (pid=4448) is multi-threaded, use of fork() may lead to deadlocks in the child.
[2024-07-19T14:28:19.286+0000] {standard_task_runner.py:63} INFO - Started process 4449 to run task
[2024-07-19T14:28:19.318+0000] {task_command.py:426} INFO - Running <TaskInstance: csv_to_pgsql.extract_and_load_process manual__2024-07-19T14:28:12.277642+00:00 [running]> on host 7c7e02e57379
[2024-07-19T14:28:19.394+0000] {taskinstance.py:2648} INFO - Exporting env vars: AIRFLOW_CTX_DAG_OWNER='***' AIRFLOW_CTX_DAG_ID='csv_to_pgsql' AIRFLOW_CTX_TASK_ID='extract_and_load_process' AIRFLOW_CTX_EXECUTION_DATE='2024-07-19T14:28:12.277642+00:00' AIRFLOW_CTX_TRY_NUMBER='1' AIRFLOW_CTX_DAG_RUN_ID='manual__2024-07-19T14:28:12.277642+00:00'
[2024-07-19T14:28:19.395+0000] {taskinstance.py:430} INFO - ::endgroup::
[2024-07-19T14:28:23.578+0000] {base.py:84} INFO - Using connection ID 'postgres_default' for task execution.
[2024-07-19T14:28:26.310+0000] {base.py:84} INFO - Using connection ID 'postgres_default' for task execution.
[2024-07-19T14:28:28.239+0000] {base.py:84} INFO - Using connection ID 'postgres_default' for task execution.
[2024-07-19T14:28:29.651+0000] {base.py:84} INFO - Using connection ID 'postgres_default' for task execution.
[2024-07-19T14:28:30.536+0000] {base.py:84} INFO - Using connection ID 'postgres_default' for task execution.
[2024-07-19T14:28:31.687+0000] {base.py:84} INFO - Using connection ID 'postgres_default' for task execution.
[2024-07-19T14:28:32.595+0000] {python.py:237} INFO - Done. Returned value was: None
[2024-07-19T14:28:32.597+0000] {taskinstance.py:441} INFO - ::group::Post task execution logs
[2024-07-19T14:28:32.613+0000] {taskinstance.py:1206} INFO - Marking task as SUCCESS. dag_id=csv_to_pgsql, task_id=extract_and_load_process, run_id=manual__2024-07-19T14:28:12.277642+00:00, execution_date=20240719T142812, start_date=20240719T142819, end_date=20240719T142832
[2024-07-19T14:28:32.657+0000] {local_task_job_runner.py:240} INFO - Task exited with return code 0
[2024-07-19T14:28:32.678+0000] {taskinstance.py:3503} INFO - 1 downstream tasks scheduled from follow-on schedule check
[2024-07-19T14:28:32.681+0000] {local_task_job_runner.py:222} INFO - ::endgroup::
