[2024-07-19T20:06:26.122+0000] {local_task_job_runner.py:120} INFO - ::group::Pre task execution logs
[2024-07-19T20:06:26.164+0000] {taskinstance.py:2076} INFO - Dependencies all met for dep_context=non-requeueable deps ti=<TaskInstance: extract_and_load.save_to_csv manual__2024-07-19T20:06:24.565880+00:00 [queued]>
[2024-07-19T20:06:26.174+0000] {taskinstance.py:2076} INFO - Dependencies all met for dep_context=requeueable deps ti=<TaskInstance: extract_and_load.save_to_csv manual__2024-07-19T20:06:24.565880+00:00 [queued]>
[2024-07-19T20:06:26.177+0000] {taskinstance.py:2306} INFO - Starting attempt 1 of 2
[2024-07-19T20:06:26.198+0000] {taskinstance.py:2330} INFO - Executing <Task(PythonOperator): save_to_csv> on 2024-07-19 20:06:24.565880+00:00
[2024-07-19T20:06:26.217+0000] {standard_task_runner.py:90} INFO - Running: ['***', 'tasks', 'run', 'extract_and_load', 'save_to_csv', 'manual__2024-07-19T20:06:24.565880+00:00', '--job-id', '661', '--raw', '--subdir', 'DAGS_FOLDER/extract_and_load.py', '--cfg-path', '/tmp/tmprdau49ea']
[2024-07-19T20:06:26.225+0000] {standard_task_runner.py:91} INFO - Job 661: Subtask save_to_csv
[2024-07-19T20:06:26.247+0000] {logging_mixin.py:188} WARNING - /home/***/.local/lib/python3.12/site-packages/***/task/task_runner/standard_task_runner.py:61 DeprecationWarning: This process (pid=23132) is multi-threaded, use of fork() may lead to deadlocks in the child.
[2024-07-19T20:06:26.248+0000] {standard_task_runner.py:63} INFO - Started process 23135 to run task
[2024-07-19T20:06:26.325+0000] {task_command.py:426} INFO - Running <TaskInstance: extract_and_load.save_to_csv manual__2024-07-19T20:06:24.565880+00:00 [running]> on host 7c7e02e57379
[2024-07-19T20:06:26.444+0000] {taskinstance.py:2648} INFO - Exporting env vars: AIRFLOW_CTX_DAG_OWNER='***' AIRFLOW_CTX_DAG_ID='extract_and_load' AIRFLOW_CTX_TASK_ID='save_to_csv' AIRFLOW_CTX_EXECUTION_DATE='2024-07-19T20:06:24.565880+00:00' AIRFLOW_CTX_TRY_NUMBER='1' AIRFLOW_CTX_DAG_RUN_ID='manual__2024-07-19T20:06:24.565880+00:00'
[2024-07-19T20:06:26.446+0000] {taskinstance.py:430} INFO - ::endgroup::
[2024-07-19T20:06:36.261+0000] {taskinstance.py:441} INFO - ::group::Post task execution logs
[2024-07-19T20:06:36.263+0000] {taskinstance.py:2905} ERROR - Task failed with exception
Traceback (most recent call last):
  File "/home/airflow/.local/lib/python3.12/site-packages/airflow/models/taskinstance.py", line 465, in _execute_task
    result = _execute_callable(context=context, **execute_callable_kwargs)
             ^^^^^^^^^^^^^^^^^^^^^^^^^^^^^^^^^^^^^^^^^^^^^^^^^^^^^^^^^^^^^
  File "/home/airflow/.local/lib/python3.12/site-packages/airflow/models/taskinstance.py", line 432, in _execute_callable
    return execute_callable(context=context, **execute_callable_kwargs)
           ^^^^^^^^^^^^^^^^^^^^^^^^^^^^^^^^^^^^^^^^^^^^^^^^^^^^^^^^^^^^
  File "/home/airflow/.local/lib/python3.12/site-packages/airflow/models/baseoperator.py", line 401, in wrapper
    return func(self, *args, **kwargs)
           ^^^^^^^^^^^^^^^^^^^^^^^^^^^
  File "/home/airflow/.local/lib/python3.12/site-packages/airflow/operators/python.py", line 235, in execute
    return_value = self.execute_callable()
                   ^^^^^^^^^^^^^^^^^^^^^^^
  File "/home/airflow/.local/lib/python3.12/site-packages/airflow/operators/python.py", line 252, in execute_callable
    return self.python_callable(*self.op_args, **self.op_kwargs)
           ^^^^^^^^^^^^^^^^^^^^^^^^^^^^^^^^^^^^^^^^^^^^^^^^^^^^^
  File "/opt/airflow/dags/extract_and_load.py", line 35, in extract_from_pg_and_to_csv
    df.write.option("header", "true").csv(output_path)
  File "/home/airflow/.local/lib/python3.12/site-packages/pyspark/sql/readwriter.py", line 1864, in csv
    self._jwrite.csv(path)
  File "/home/airflow/.local/lib/python3.12/site-packages/py4j/java_gateway.py", line 1322, in __call__
    return_value = get_return_value(
                   ^^^^^^^^^^^^^^^^^
  File "/home/airflow/.local/lib/python3.12/site-packages/pyspark/errors/exceptions/captured.py", line 185, in deco
    raise converted from None
pyspark.errors.exceptions.captured.AnalysisException: [PATH_ALREADY_EXISTS] Path file:/opt/airflow/files/dm_f101_round_f.csv already exists. Set mode as "overwrite" to overwrite the existing path.
[2024-07-19T20:06:36.285+0000] {taskinstance.py:1206} INFO - Marking task as UP_FOR_RETRY. dag_id=extract_and_load, task_id=save_to_csv, run_id=manual__2024-07-19T20:06:24.565880+00:00, execution_date=20240719T200624, start_date=20240719T200626, end_date=20240719T200636
[2024-07-19T20:06:36.300+0000] {standard_task_runner.py:110} ERROR - Failed to execute job 661 for task save_to_csv ([PATH_ALREADY_EXISTS] Path file:/opt/airflow/files/dm_f101_round_f.csv already exists. Set mode as "overwrite" to overwrite the existing path.; 23135)
[2024-07-19T20:06:36.337+0000] {local_task_job_runner.py:240} INFO - Task exited with return code 1
[2024-07-19T20:06:36.352+0000] {taskinstance.py:3503} INFO - 0 downstream tasks scheduled from follow-on schedule check
[2024-07-19T20:06:36.354+0000] {local_task_job_runner.py:222} INFO - ::endgroup::
